

================================================================
== Vivado HLS Report for 'scurve_adder36'
================================================================
* Date:           Thu Jul 16 15:08:10 2020

* Version:        2018.1 (Build 2188600 on Wed Apr 04 19:04:02 MDT 2018)
* Project:        scurve_adder_36
* Solution:       solution1
* Product family: zynq
* Target device:  xc7z035ffg676-2


================================================================
== Performance Estimates
================================================================
+ Timing (ns): 
    * Summary: 
    +--------+-------+----------+------------+
    |  Clock | Target| Estimated| Uncertainty|
    +--------+-------+----------+------------+
    |ap_clk  |   4.00|      3.43|        0.50|
    +--------+-------+----------+------------+

+ Latency (clock cycles): 
    * Summary: 
    +-----+---------+-----+---------+---------+
    |    Latency    |    Interval   | Pipeline|
    | min |   max   | min |   max   |   Type  |
    +-----+---------+-----+---------+---------+
    |  296|  9437339|  296|  9437339|   none  |
    +-----+---------+-----+---------+---------+

    + Detail: 
        * Instance: 
        N/A

        * Loop: 
        +----------+-----+---------+----------+-----------+-----------+-------------+----------+
        |          |    Latency    | Iteration|  Initiation Interval  |     Trip    |          |
        | Loop Name| min |   max   |  Latency |  achieved |   target  |    Count    | Pipelined|
        +----------+-----+---------+----------+-----------+-----------+-------------+----------+
        |- Loop 1  |  144|      144|         1|          1|          1|          144|    yes   |
        |- Loop 2  |    0|  9437043|         5|          1|          1| 0 ~ 9437040 |    yes   |
        |- Loop 3  |  146|      146|         4|          1|          1|          144|    yes   |
        +----------+-----+---------+----------+-----------+-----------+-------------+----------+

============================================================
+ Verbose Summary: Synthesis Manager
============================================================
InlineROM: 1
ExposeGlobal: 0
============================================================
+ Verbose Summary: CDFG Model
============================================================
IsTopModel: 1
ResetActiveHigh: 1
IsCombinational: 0
IsDatapathOnly: 0
HasWiredReturn: 1
HasMFsm: 0
HasVarLatency: 1
IsPipeline: 0
IsRtlPipelined: 0
IsInstanceOverlapped: 0
IsDontTouch: 0
HasImplIP: 0
IsGatedGlobalClock: 0

+ Individual pipeline summary: 
  * Pipeline-0: initiation interval (II) = 1, depth = 1
  * Pipeline-1: initiation interval (II) = 1, depth = 5
  * Pipeline-2: initiation interval (II) = 1, depth = 4


============================================================
+ Verbose Summary: Schedule
============================================================
* Number of FSM states : 14
* Pipeline : 3
  Pipeline-0 : II = 1, D = 1, States = { 2 }
  Pipeline-1 : II = 1, D = 5, States = { 4 5 6 7 8 }
  Pipeline-2 : II = 1, D = 4, States = { 10 11 12 13 }
* Dataflow Pipeline: 0

* FSM state transitions: 
1 --> 
	2  / true
2 --> 
	3  / (exitcond1)
	2  / (!exitcond1)
3 --> 
	4  / true
4 --> 
	9  / (exitcond_flatten)
	5  / (!exitcond_flatten)
5 --> 
	6  / true
6 --> 
	7  / true
7 --> 
	8  / true
8 --> 
	4  / true
9 --> 
	10  / true
10 --> 
	14  / (exitcond4)
	11  / (!exitcond4)
11 --> 
	12  / true
12 --> 
	13  / true
13 --> 
	10  / true
14 --> 

* FSM state operations: 

 <State 1> : 1.30ns
ST_1 : Operation 15 [1/1] (0.00ns)   --->   "call void (...)* @_ssdm_op_SpecBitsMap(i128* %in_stream0_V_data_V), !map !67"
ST_1 : Operation 16 [1/1] (0.00ns)   --->   "call void (...)* @_ssdm_op_SpecBitsMap(i16* %in_stream0_V_keep_V), !map !71"
ST_1 : Operation 17 [1/1] (0.00ns)   --->   "call void (...)* @_ssdm_op_SpecBitsMap(i16* %in_stream0_V_strb_V), !map !75"
ST_1 : Operation 18 [1/1] (0.00ns)   --->   "call void (...)* @_ssdm_op_SpecBitsMap(i6* %in_stream0_V_user_V), !map !79"
ST_1 : Operation 19 [1/1] (0.00ns)   --->   "call void (...)* @_ssdm_op_SpecBitsMap(i1* %in_stream0_V_last_V), !map !83"
ST_1 : Operation 20 [1/1] (0.00ns)   --->   "call void (...)* @_ssdm_op_SpecBitsMap(i5* %in_stream0_V_id_V), !map !87"
ST_1 : Operation 21 [1/1] (0.00ns)   --->   "call void (...)* @_ssdm_op_SpecBitsMap(i6* %in_stream0_V_dest_V), !map !91"
ST_1 : Operation 22 [1/1] (0.00ns)   --->   "call void (...)* @_ssdm_op_SpecBitsMap(i512* %out_stream_V_data_V), !map !95"
ST_1 : Operation 23 [1/1] (0.00ns)   --->   "call void (...)* @_ssdm_op_SpecBitsMap(i64* %out_stream_V_keep_V), !map !99"
ST_1 : Operation 24 [1/1] (0.00ns)   --->   "call void (...)* @_ssdm_op_SpecBitsMap(i64* %out_stream_V_strb_V), !map !103"
ST_1 : Operation 25 [1/1] (0.00ns)   --->   "call void (...)* @_ssdm_op_SpecBitsMap(i6* %out_stream_V_user_V), !map !107"
ST_1 : Operation 26 [1/1] (0.00ns)   --->   "call void (...)* @_ssdm_op_SpecBitsMap(i1* %out_stream_V_last_V), !map !111"
ST_1 : Operation 27 [1/1] (0.00ns)   --->   "call void (...)* @_ssdm_op_SpecBitsMap(i5* %out_stream_V_id_V), !map !115"
ST_1 : Operation 28 [1/1] (0.00ns)   --->   "call void (...)* @_ssdm_op_SpecBitsMap(i6* %out_stream_V_dest_V), !map !119"
ST_1 : Operation 29 [1/1] (0.00ns)   --->   "call void (...)* @_ssdm_op_SpecBitsMap(i16 %N_ADDS), !map !123"
ST_1 : Operation 30 [1/1] (0.00ns)   --->   "call void (...)* @_ssdm_op_SpecBitsMap(i32 %TEST_MODE), !map !129"
ST_1 : Operation 31 [1/1] (0.00ns)   --->   "call void (...)* @_ssdm_op_SpecTopModule([15 x i8]* @scurve_adder36_str) nounwind"
ST_1 : Operation 32 [1/1] (1.00ns)   --->   "%TEST_MODE_read = call i32 @_ssdm_op_Read.s_axilite.i32(i32 %TEST_MODE)"   --->   Core 10 's_axilite' <Latency = 0> <II = 1> <Delay = 1.00> <Adapter> <Opcode : 'read' 'write'>
ST_1 : Operation 33 [1/1] (1.00ns)   --->   "%N_ADDS_read = call i16 @_ssdm_op_Read.s_axilite.i16(i16 %N_ADDS)"   --->   Core 10 's_axilite' <Latency = 0> <II = 1> <Delay = 1.00> <Adapter> <Opcode : 'read' 'write'>
ST_1 : Operation 34 [1/1] (0.00ns)   --->   "%sum_pix_ch0_0 = alloca [144 x i32], align 16" [scurve_adder.cpp:35]   --->   Core 37 'RAM' <Latency = 1> <II = 1> <Delay = 2.77> <Storage> <Opcode : 'load' 'store'> <Ports = 2> <Width = 32> <Depth = 144> <RAM>
ST_1 : Operation 35 [1/1] (0.00ns)   --->   "%sum_pix_ch0_1 = alloca [144 x i32], align 16" [scurve_adder.cpp:35]   --->   Core 37 'RAM' <Latency = 1> <II = 1> <Delay = 2.77> <Storage> <Opcode : 'load' 'store'> <Ports = 2> <Width = 32> <Depth = 144> <RAM>
ST_1 : Operation 36 [1/1] (0.00ns)   --->   "%sum_pix_ch0_2 = alloca [144 x i32], align 16" [scurve_adder.cpp:35]   --->   Core 37 'RAM' <Latency = 1> <II = 1> <Delay = 2.77> <Storage> <Opcode : 'load' 'store'> <Ports = 2> <Width = 32> <Depth = 144> <RAM>
ST_1 : Operation 37 [1/1] (0.00ns)   --->   "%sum_pix_ch0_3 = alloca [144 x i32], align 16" [scurve_adder.cpp:35]   --->   Core 37 'RAM' <Latency = 1> <II = 1> <Delay = 2.77> <Storage> <Opcode : 'load' 'store'> <Ports = 2> <Width = 32> <Depth = 144> <RAM>
ST_1 : Operation 38 [1/1] (0.00ns)   --->   "%sum_pix_ch0_4 = alloca [144 x i32], align 16" [scurve_adder.cpp:35]   --->   Core 37 'RAM' <Latency = 1> <II = 1> <Delay = 2.77> <Storage> <Opcode : 'load' 'store'> <Ports = 2> <Width = 32> <Depth = 144> <RAM>
ST_1 : Operation 39 [1/1] (0.00ns)   --->   "%sum_pix_ch0_5 = alloca [144 x i32], align 16" [scurve_adder.cpp:35]   --->   Core 37 'RAM' <Latency = 1> <II = 1> <Delay = 2.77> <Storage> <Opcode : 'load' 'store'> <Ports = 2> <Width = 32> <Depth = 144> <RAM>
ST_1 : Operation 40 [1/1] (0.00ns)   --->   "%sum_pix_ch0_6 = alloca [144 x i32], align 16" [scurve_adder.cpp:35]   --->   Core 37 'RAM' <Latency = 1> <II = 1> <Delay = 2.77> <Storage> <Opcode : 'load' 'store'> <Ports = 2> <Width = 32> <Depth = 144> <RAM>
ST_1 : Operation 41 [1/1] (0.00ns)   --->   "%sum_pix_ch0_7 = alloca [144 x i32], align 16" [scurve_adder.cpp:35]   --->   Core 37 'RAM' <Latency = 1> <II = 1> <Delay = 2.77> <Storage> <Opcode : 'load' 'store'> <Ports = 2> <Width = 32> <Depth = 144> <RAM>
ST_1 : Operation 42 [1/1] (0.00ns)   --->   "%sum_pix_ch0_8 = alloca [144 x i32], align 16" [scurve_adder.cpp:35]   --->   Core 37 'RAM' <Latency = 1> <II = 1> <Delay = 2.77> <Storage> <Opcode : 'load' 'store'> <Ports = 2> <Width = 32> <Depth = 144> <RAM>
ST_1 : Operation 43 [1/1] (0.00ns)   --->   "%sum_pix_ch0_9 = alloca [144 x i32], align 16" [scurve_adder.cpp:35]   --->   Core 37 'RAM' <Latency = 1> <II = 1> <Delay = 2.77> <Storage> <Opcode : 'load' 'store'> <Ports = 2> <Width = 32> <Depth = 144> <RAM>
ST_1 : Operation 44 [1/1] (0.00ns)   --->   "%sum_pix_ch0_10 = alloca [144 x i32], align 16" [scurve_adder.cpp:35]   --->   Core 37 'RAM' <Latency = 1> <II = 1> <Delay = 2.77> <Storage> <Opcode : 'load' 'store'> <Ports = 2> <Width = 32> <Depth = 144> <RAM>
ST_1 : Operation 45 [1/1] (0.00ns)   --->   "%sum_pix_ch0_11 = alloca [144 x i32], align 16" [scurve_adder.cpp:35]   --->   Core 37 'RAM' <Latency = 1> <II = 1> <Delay = 2.77> <Storage> <Opcode : 'load' 'store'> <Ports = 2> <Width = 32> <Depth = 144> <RAM>
ST_1 : Operation 46 [1/1] (0.00ns)   --->   "%sum_pix_ch0_12 = alloca [144 x i32], align 16" [scurve_adder.cpp:35]   --->   Core 37 'RAM' <Latency = 1> <II = 1> <Delay = 2.77> <Storage> <Opcode : 'load' 'store'> <Ports = 2> <Width = 32> <Depth = 144> <RAM>
ST_1 : Operation 47 [1/1] (0.00ns)   --->   "%sum_pix_ch0_13 = alloca [144 x i32], align 16" [scurve_adder.cpp:35]   --->   Core 37 'RAM' <Latency = 1> <II = 1> <Delay = 2.77> <Storage> <Opcode : 'load' 'store'> <Ports = 2> <Width = 32> <Depth = 144> <RAM>
ST_1 : Operation 48 [1/1] (0.00ns)   --->   "%sum_pix_ch0_14 = alloca [144 x i32], align 16" [scurve_adder.cpp:35]   --->   Core 37 'RAM' <Latency = 1> <II = 1> <Delay = 2.77> <Storage> <Opcode : 'load' 'store'> <Ports = 2> <Width = 32> <Depth = 144> <RAM>
ST_1 : Operation 49 [1/1] (0.00ns)   --->   "%sum_pix_ch0_15 = alloca [144 x i32], align 16" [scurve_adder.cpp:35]   --->   Core 37 'RAM' <Latency = 1> <II = 1> <Delay = 2.77> <Storage> <Opcode : 'load' 'store'> <Ports = 2> <Width = 32> <Depth = 144> <RAM>
ST_1 : Operation 50 [1/1] (0.00ns)   --->   "call void (...)* @_ssdm_op_SpecInterface(i128* %in_stream0_V_data_V, i16* %in_stream0_V_keep_V, i16* %in_stream0_V_strb_V, i6* %in_stream0_V_user_V, i1* %in_stream0_V_last_V, i5* %in_stream0_V_id_V, i6* %in_stream0_V_dest_V, [5 x i8]* @p_str, i32 1, i32 1, [5 x i8]* @p_str1, i32 0, i32 0, [1 x i8]* @p_str2, [1 x i8]* @p_str2, [1 x i8]* @p_str2, i32 0, i32 0, i32 0, i32 0, [1 x i8]* @p_str2, [1 x i8]* @p_str2) nounwind" [scurve_adder.cpp:25]
ST_1 : Operation 51 [1/1] (0.00ns)   --->   "call void (...)* @_ssdm_op_SpecInterface(i512* %out_stream_V_data_V, i64* %out_stream_V_keep_V, i64* %out_stream_V_strb_V, i6* %out_stream_V_user_V, i1* %out_stream_V_last_V, i5* %out_stream_V_id_V, i6* %out_stream_V_dest_V, [5 x i8]* @p_str, i32 1, i32 1, [5 x i8]* @p_str1, i32 0, i32 0, [1 x i8]* @p_str2, [1 x i8]* @p_str2, [1 x i8]* @p_str2, i32 0, i32 0, i32 0, i32 0, [1 x i8]* @p_str2, [1 x i8]* @p_str2) nounwind" [scurve_adder.cpp:26]
ST_1 : Operation 52 [1/1] (0.00ns)   --->   "call void (...)* @_ssdm_op_SpecInterface(i16 %N_ADDS, [10 x i8]* @p_str3, i32 0, i32 0, [1 x i8]* @p_str2, i32 0, i32 0, [9 x i8]* @p_str4, [1 x i8]* @p_str2, [1 x i8]* @p_str2, i32 0, i32 0, i32 0, i32 0, [1 x i8]* @p_str2, [1 x i8]* @p_str2) nounwind" [scurve_adder.cpp:27]
ST_1 : Operation 53 [1/1] (0.00ns)   --->   "call void (...)* @_ssdm_op_SpecInterface(i32 %TEST_MODE, [10 x i8]* @p_str3, i32 0, i32 0, [1 x i8]* @p_str2, i32 0, i32 0, [9 x i8]* @p_str4, [1 x i8]* @p_str2, [1 x i8]* @p_str2, i32 0, i32 0, i32 0, i32 0, [1 x i8]* @p_str2, [1 x i8]* @p_str2) nounwind" [scurve_adder.cpp:28]
ST_1 : Operation 54 [1/1] (0.00ns)   --->   "call void (...)* @_ssdm_op_SpecInterface(i32 0, [10 x i8]* @p_str3, i32 0, i32 0, [1 x i8]* @p_str2, i32 0, i32 0, [9 x i8]* @p_str4, [1 x i8]* @p_str2, [1 x i8]* @p_str2, i32 0, i32 0, i32 0, i32 0, [1 x i8]* @p_str2, [1 x i8]* @p_str2) nounwind" [scurve_adder.cpp:29]
ST_1 : Operation 55 [1/1] (1.30ns)   --->   "br label %0" [scurve_adder.cpp:46]

 <State 2> : 2.77ns
ST_2 : Operation 56 [1/1] (0.00ns)   --->   "%i = phi i8 [ %i_3, %1 ], [ 0, %.preheader207 ]"
ST_2 : Operation 57 [1/1] (1.28ns)   --->   "%exitcond1 = icmp eq i8 %i, -112" [scurve_adder.cpp:46]   --->   Core 25 'Cmp' <Latency = 0> <II = 1> <Delay = 2.14> <FuncUnit> <Opcode : 'icmp'> <InPorts = 2> <OutPorts = 1>
ST_2 : Operation 58 [1/1] (0.00ns)   --->   "%empty = call i32 (...)* @_ssdm_op_SpecLoopTripCount(i64 144, i64 144, i64 144)"
ST_2 : Operation 59 [1/1] (1.69ns)   --->   "%i_3 = add i8 %i, 1" [scurve_adder.cpp:46]   --->   Core 14 'AddSub' <Latency = 0> <II = 1> <Delay = 1.95> <FuncUnit> <Opcode : 'add' 'sub'> <InPorts = 2> <OutPorts = 1>
ST_2 : Operation 60 [1/1] (0.00ns)   --->   "br i1 %exitcond1, label %.preheader2.preheader, label %1" [scurve_adder.cpp:46]
ST_2 : Operation 61 [1/1] (0.00ns)   --->   "%tmp_4 = call i32 (...)* @_ssdm_op_SpecRegionBegin([12 x i8]* @p_str5)" [scurve_adder.cpp:46]
ST_2 : Operation 62 [1/1] (0.00ns)   --->   "call void (...)* @_ssdm_op_SpecPipeline(i32 -1, i32 1, i32 1, i32 0, [1 x i8]* @p_str2) nounwind" [scurve_adder.cpp:47]
ST_2 : Operation 63 [1/1] (0.00ns)   --->   "%tmp_1 = zext i8 %i to i64" [scurve_adder.cpp:49]
ST_2 : Operation 64 [1/1] (0.00ns)   --->   "%sum_pix_ch0_0_addr = getelementptr [144 x i32]* %sum_pix_ch0_0, i64 0, i64 %tmp_1" [scurve_adder.cpp:49]
ST_2 : Operation 65 [1/1] (2.77ns)   --->   "store i32 0, i32* %sum_pix_ch0_0_addr, align 4" [scurve_adder.cpp:49]   --->   Core 37 'RAM' <Latency = 1> <II = 1> <Delay = 2.77> <Storage> <Opcode : 'load' 'store'> <Ports = 2> <Width = 32> <Depth = 144> <RAM>
ST_2 : Operation 66 [1/1] (0.00ns)   --->   "%sum_pix_ch0_1_addr = getelementptr [144 x i32]* %sum_pix_ch0_1, i64 0, i64 %tmp_1" [scurve_adder.cpp:49]
ST_2 : Operation 67 [1/1] (2.77ns)   --->   "store i32 0, i32* %sum_pix_ch0_1_addr, align 4" [scurve_adder.cpp:49]   --->   Core 37 'RAM' <Latency = 1> <II = 1> <Delay = 2.77> <Storage> <Opcode : 'load' 'store'> <Ports = 2> <Width = 32> <Depth = 144> <RAM>
ST_2 : Operation 68 [1/1] (0.00ns)   --->   "%sum_pix_ch0_2_addr = getelementptr [144 x i32]* %sum_pix_ch0_2, i64 0, i64 %tmp_1" [scurve_adder.cpp:49]
ST_2 : Operation 69 [1/1] (2.77ns)   --->   "store i32 0, i32* %sum_pix_ch0_2_addr, align 4" [scurve_adder.cpp:49]   --->   Core 37 'RAM' <Latency = 1> <II = 1> <Delay = 2.77> <Storage> <Opcode : 'load' 'store'> <Ports = 2> <Width = 32> <Depth = 144> <RAM>
ST_2 : Operation 70 [1/1] (0.00ns)   --->   "%sum_pix_ch0_3_addr = getelementptr [144 x i32]* %sum_pix_ch0_3, i64 0, i64 %tmp_1" [scurve_adder.cpp:49]
ST_2 : Operation 71 [1/1] (2.77ns)   --->   "store i32 0, i32* %sum_pix_ch0_3_addr, align 4" [scurve_adder.cpp:49]   --->   Core 37 'RAM' <Latency = 1> <II = 1> <Delay = 2.77> <Storage> <Opcode : 'load' 'store'> <Ports = 2> <Width = 32> <Depth = 144> <RAM>
ST_2 : Operation 72 [1/1] (0.00ns)   --->   "%sum_pix_ch0_4_addr = getelementptr [144 x i32]* %sum_pix_ch0_4, i64 0, i64 %tmp_1" [scurve_adder.cpp:49]
ST_2 : Operation 73 [1/1] (2.77ns)   --->   "store i32 0, i32* %sum_pix_ch0_4_addr, align 4" [scurve_adder.cpp:49]   --->   Core 37 'RAM' <Latency = 1> <II = 1> <Delay = 2.77> <Storage> <Opcode : 'load' 'store'> <Ports = 2> <Width = 32> <Depth = 144> <RAM>
ST_2 : Operation 74 [1/1] (0.00ns)   --->   "%sum_pix_ch0_5_addr = getelementptr [144 x i32]* %sum_pix_ch0_5, i64 0, i64 %tmp_1" [scurve_adder.cpp:49]
ST_2 : Operation 75 [1/1] (2.77ns)   --->   "store i32 0, i32* %sum_pix_ch0_5_addr, align 4" [scurve_adder.cpp:49]   --->   Core 37 'RAM' <Latency = 1> <II = 1> <Delay = 2.77> <Storage> <Opcode : 'load' 'store'> <Ports = 2> <Width = 32> <Depth = 144> <RAM>
ST_2 : Operation 76 [1/1] (0.00ns)   --->   "%sum_pix_ch0_6_addr = getelementptr [144 x i32]* %sum_pix_ch0_6, i64 0, i64 %tmp_1" [scurve_adder.cpp:49]
ST_2 : Operation 77 [1/1] (2.77ns)   --->   "store i32 0, i32* %sum_pix_ch0_6_addr, align 4" [scurve_adder.cpp:49]   --->   Core 37 'RAM' <Latency = 1> <II = 1> <Delay = 2.77> <Storage> <Opcode : 'load' 'store'> <Ports = 2> <Width = 32> <Depth = 144> <RAM>
ST_2 : Operation 78 [1/1] (0.00ns)   --->   "%sum_pix_ch0_7_addr = getelementptr [144 x i32]* %sum_pix_ch0_7, i64 0, i64 %tmp_1" [scurve_adder.cpp:49]
ST_2 : Operation 79 [1/1] (2.77ns)   --->   "store i32 0, i32* %sum_pix_ch0_7_addr, align 4" [scurve_adder.cpp:49]   --->   Core 37 'RAM' <Latency = 1> <II = 1> <Delay = 2.77> <Storage> <Opcode : 'load' 'store'> <Ports = 2> <Width = 32> <Depth = 144> <RAM>
ST_2 : Operation 80 [1/1] (0.00ns)   --->   "%sum_pix_ch0_8_addr = getelementptr [144 x i32]* %sum_pix_ch0_8, i64 0, i64 %tmp_1" [scurve_adder.cpp:49]
ST_2 : Operation 81 [1/1] (2.77ns)   --->   "store i32 0, i32* %sum_pix_ch0_8_addr, align 4" [scurve_adder.cpp:49]   --->   Core 37 'RAM' <Latency = 1> <II = 1> <Delay = 2.77> <Storage> <Opcode : 'load' 'store'> <Ports = 2> <Width = 32> <Depth = 144> <RAM>
ST_2 : Operation 82 [1/1] (0.00ns)   --->   "%sum_pix_ch0_9_addr = getelementptr [144 x i32]* %sum_pix_ch0_9, i64 0, i64 %tmp_1" [scurve_adder.cpp:49]
ST_2 : Operation 83 [1/1] (2.77ns)   --->   "store i32 0, i32* %sum_pix_ch0_9_addr, align 4" [scurve_adder.cpp:49]   --->   Core 37 'RAM' <Latency = 1> <II = 1> <Delay = 2.77> <Storage> <Opcode : 'load' 'store'> <Ports = 2> <Width = 32> <Depth = 144> <RAM>
ST_2 : Operation 84 [1/1] (0.00ns)   --->   "%sum_pix_ch0_10_addr = getelementptr [144 x i32]* %sum_pix_ch0_10, i64 0, i64 %tmp_1" [scurve_adder.cpp:49]
ST_2 : Operation 85 [1/1] (2.77ns)   --->   "store i32 0, i32* %sum_pix_ch0_10_addr, align 4" [scurve_adder.cpp:49]   --->   Core 37 'RAM' <Latency = 1> <II = 1> <Delay = 2.77> <Storage> <Opcode : 'load' 'store'> <Ports = 2> <Width = 32> <Depth = 144> <RAM>
ST_2 : Operation 86 [1/1] (0.00ns)   --->   "%sum_pix_ch0_11_addr = getelementptr [144 x i32]* %sum_pix_ch0_11, i64 0, i64 %tmp_1" [scurve_adder.cpp:49]
ST_2 : Operation 87 [1/1] (2.77ns)   --->   "store i32 0, i32* %sum_pix_ch0_11_addr, align 4" [scurve_adder.cpp:49]   --->   Core 37 'RAM' <Latency = 1> <II = 1> <Delay = 2.77> <Storage> <Opcode : 'load' 'store'> <Ports = 2> <Width = 32> <Depth = 144> <RAM>
ST_2 : Operation 88 [1/1] (0.00ns)   --->   "%sum_pix_ch0_12_addr = getelementptr [144 x i32]* %sum_pix_ch0_12, i64 0, i64 %tmp_1" [scurve_adder.cpp:49]
ST_2 : Operation 89 [1/1] (2.77ns)   --->   "store i32 0, i32* %sum_pix_ch0_12_addr, align 4" [scurve_adder.cpp:49]   --->   Core 37 'RAM' <Latency = 1> <II = 1> <Delay = 2.77> <Storage> <Opcode : 'load' 'store'> <Ports = 2> <Width = 32> <Depth = 144> <RAM>
ST_2 : Operation 90 [1/1] (0.00ns)   --->   "%sum_pix_ch0_13_addr = getelementptr [144 x i32]* %sum_pix_ch0_13, i64 0, i64 %tmp_1" [scurve_adder.cpp:49]
ST_2 : Operation 91 [1/1] (2.77ns)   --->   "store i32 0, i32* %sum_pix_ch0_13_addr, align 4" [scurve_adder.cpp:49]   --->   Core 37 'RAM' <Latency = 1> <II = 1> <Delay = 2.77> <Storage> <Opcode : 'load' 'store'> <Ports = 2> <Width = 32> <Depth = 144> <RAM>
ST_2 : Operation 92 [1/1] (0.00ns)   --->   "%sum_pix_ch0_14_addr = getelementptr [144 x i32]* %sum_pix_ch0_14, i64 0, i64 %tmp_1" [scurve_adder.cpp:49]
ST_2 : Operation 93 [1/1] (2.77ns)   --->   "store i32 0, i32* %sum_pix_ch0_14_addr, align 4" [scurve_adder.cpp:49]   --->   Core 37 'RAM' <Latency = 1> <II = 1> <Delay = 2.77> <Storage> <Opcode : 'load' 'store'> <Ports = 2> <Width = 32> <Depth = 144> <RAM>
ST_2 : Operation 94 [1/1] (0.00ns)   --->   "%sum_pix_ch0_15_addr = getelementptr [144 x i32]* %sum_pix_ch0_15, i64 0, i64 %tmp_1" [scurve_adder.cpp:49]
ST_2 : Operation 95 [1/1] (2.77ns)   --->   "store i32 0, i32* %sum_pix_ch0_15_addr, align 4" [scurve_adder.cpp:49]   --->   Core 37 'RAM' <Latency = 1> <II = 1> <Delay = 2.77> <Storage> <Opcode : 'load' 'store'> <Ports = 2> <Width = 32> <Depth = 144> <RAM>
ST_2 : Operation 96 [1/1] (0.00ns)   --->   "%empty_5 = call i32 (...)* @_ssdm_op_SpecRegionEnd([12 x i8]* @p_str5, i32 %tmp_4)" [scurve_adder.cpp:51]
ST_2 : Operation 97 [1/1] (0.00ns)   --->   "br label %0" [scurve_adder.cpp:46]

 <State 3> : 1.95ns
ST_3 : Operation 98 [1/1] (0.00ns)   --->   "%tmp_10 = call i23 @_ssdm_op_BitConcatenate.i23.i16.i7(i16 %N_ADDS_read, i7 0)"
ST_3 : Operation 99 [1/1] (0.00ns)   --->   "%p_shl = zext i23 %tmp_10 to i24"
ST_3 : Operation 100 [1/1] (0.00ns)   --->   "%tmp_11 = call i20 @_ssdm_op_BitConcatenate.i20.i16.i4(i16 %N_ADDS_read, i4 0)"
ST_3 : Operation 101 [1/1] (0.00ns)   --->   "%p_shl2 = zext i20 %tmp_11 to i24"
ST_3 : Operation 102 [1/1] (1.95ns)   --->   "%bound = add i24 %p_shl, %p_shl2"   --->   Core 14 'AddSub' <Latency = 0> <II = 1> <Delay = 1.95> <FuncUnit> <Opcode : 'add' 'sub'> <InPorts = 2> <OutPorts = 1>
ST_3 : Operation 103 [1/1] (1.30ns)   --->   "br label %.preheader155" [scurve_adder.cpp:54]

 <State 4> : 3.43ns
ST_4 : Operation 104 [1/1] (0.00ns)   --->   "%indvar_flatten = phi i24 [ 0, %.preheader2.preheader ], [ %indvar_flatten_next, %.preheader2 ]"
ST_4 : Operation 105 [1/1] (0.00ns)   --->   "%i_1 = phi i8 [ 0, %.preheader2.preheader ], [ %i_4, %.preheader2 ]"
ST_4 : Operation 106 [1/1] (2.03ns)   --->   "%exitcond_flatten = icmp eq i24 %indvar_flatten, %bound"   --->   Core 25 'Cmp' <Latency = 0> <II = 1> <Delay = 2.14> <FuncUnit> <Opcode : 'icmp'> <InPorts = 2> <OutPorts = 1>
ST_4 : Operation 107 [1/1] (1.98ns)   --->   "%indvar_flatten_next = add i24 %indvar_flatten, 1"   --->   Core 14 'AddSub' <Latency = 0> <II = 1> <Delay = 1.95> <FuncUnit> <Opcode : 'add' 'sub'> <InPorts = 2> <OutPorts = 1>
ST_4 : Operation 108 [1/1] (0.00ns)   --->   "br i1 %exitcond_flatten, label %.preheader154.preheader, label %.preheader2"
ST_4 : Operation 109 [1/1] (1.28ns)   --->   "%exitcond = icmp eq i8 %i_1, -112" [scurve_adder.cpp:57]   --->   Core 25 'Cmp' <Latency = 0> <II = 1> <Delay = 2.14> <FuncUnit> <Opcode : 'icmp'> <InPorts = 2> <OutPorts = 1>
ST_4 : Operation 110 [1/1] (0.44ns)   --->   "%i_1_mid2 = select i1 %exitcond, i8 0, i8 %i_1" [scurve_adder.cpp:57]   --->   Core 26 'Sel' <Latency = 0> <II = 1> <Delay = 1.46> <FuncUnit> <Opcode : 'select'> <InPorts = 3> <OutPorts = 1>
ST_4 : Operation 111 [2/2] (0.00ns)   --->   "%empty_6 = call { i128, i16, i16, i6, i1, i5, i6 } @_ssdm_op_Read.axis.volatile.i128P.i16P.i16P.i6P.i1P.i5P.i6P(i128* %in_stream0_V_data_V, i16* %in_stream0_V_keep_V, i16* %in_stream0_V_strb_V, i6* %in_stream0_V_user_V, i1* %in_stream0_V_last_V, i5* %in_stream0_V_id_V, i6* %in_stream0_V_dest_V)" [scurve_adder.cpp:66]   --->   Core 5 'AXI4Stream' <Latency = 0> <II = 1> <Delay = 1.00> <Adapter> <Opcode : >
ST_4 : Operation 112 [1/1] (1.69ns)   --->   "%i_4 = add i8 1, %i_1_mid2" [scurve_adder.cpp:57]   --->   Core 14 'AddSub' <Latency = 0> <II = 1> <Delay = 1.95> <FuncUnit> <Opcode : 'add' 'sub'> <InPorts = 2> <OutPorts = 1>

 <State 5> : 2.77ns
ST_5 : Operation 113 [1/1] (0.00ns)   --->   "%tmp_8 = zext i8 %i_1_mid2 to i64" [scurve_adder.cpp:66]
ST_5 : Operation 114 [1/2] (0.00ns)   --->   "%empty_6 = call { i128, i16, i16, i6, i1, i5, i6 } @_ssdm_op_Read.axis.volatile.i128P.i16P.i16P.i6P.i1P.i5P.i6P(i128* %in_stream0_V_data_V, i16* %in_stream0_V_keep_V, i16* %in_stream0_V_strb_V, i6* %in_stream0_V_user_V, i1* %in_stream0_V_last_V, i5* %in_stream0_V_id_V, i6* %in_stream0_V_dest_V)" [scurve_adder.cpp:66]   --->   Core 5 'AXI4Stream' <Latency = 0> <II = 1> <Delay = 1.00> <Adapter> <Opcode : >
ST_5 : Operation 115 [1/1] (0.00ns)   --->   "%tmp_data_V = extractvalue { i128, i16, i16, i6, i1, i5, i6 } %empty_6, 0" [scurve_adder.cpp:66]
ST_5 : Operation 116 [1/1] (0.00ns)   --->   "%tmp_12 = trunc i128 %tmp_data_V to i8" [scurve_adder.cpp:68]
ST_5 : Operation 117 [1/1] (0.00ns)   --->   "%sum_pix_ch0_0_addr_1 = getelementptr [144 x i32]* %sum_pix_ch0_0, i64 0, i64 %tmp_8" [scurve_adder.cpp:69]
ST_5 : Operation 118 [2/2] (2.77ns)   --->   "%sum_pix_ch0_0_load = load i32* %sum_pix_ch0_0_addr_1, align 4" [scurve_adder.cpp:69]   --->   Core 37 'RAM' <Latency = 1> <II = 1> <Delay = 2.77> <Storage> <Opcode : 'load' 'store'> <Ports = 2> <Width = 32> <Depth = 144> <RAM>
ST_5 : Operation 119 [1/1] (0.00ns)   --->   "%phitmp_1 = call i8 @_ssdm_op_PartSelect.i8.i128.i32.i32(i128 %tmp_data_V, i32 8, i32 15)" [scurve_adder.cpp:68]
ST_5 : Operation 120 [1/1] (0.00ns)   --->   "%sum_pix_ch0_1_addr_1 = getelementptr [144 x i32]* %sum_pix_ch0_1, i64 0, i64 %tmp_8" [scurve_adder.cpp:69]
ST_5 : Operation 121 [2/2] (2.77ns)   --->   "%sum_pix_ch0_1_load = load i32* %sum_pix_ch0_1_addr_1, align 4" [scurve_adder.cpp:69]   --->   Core 37 'RAM' <Latency = 1> <II = 1> <Delay = 2.77> <Storage> <Opcode : 'load' 'store'> <Ports = 2> <Width = 32> <Depth = 144> <RAM>
ST_5 : Operation 122 [1/1] (0.00ns)   --->   "%phitmp_2 = call i8 @_ssdm_op_PartSelect.i8.i128.i32.i32(i128 %tmp_data_V, i32 16, i32 23)" [scurve_adder.cpp:68]
ST_5 : Operation 123 [1/1] (0.00ns)   --->   "%sum_pix_ch0_2_addr_1 = getelementptr [144 x i32]* %sum_pix_ch0_2, i64 0, i64 %tmp_8" [scurve_adder.cpp:69]
ST_5 : Operation 124 [2/2] (2.77ns)   --->   "%sum_pix_ch0_2_load = load i32* %sum_pix_ch0_2_addr_1, align 4" [scurve_adder.cpp:69]   --->   Core 37 'RAM' <Latency = 1> <II = 1> <Delay = 2.77> <Storage> <Opcode : 'load' 'store'> <Ports = 2> <Width = 32> <Depth = 144> <RAM>
ST_5 : Operation 125 [1/1] (0.00ns)   --->   "%phitmp_3 = call i8 @_ssdm_op_PartSelect.i8.i128.i32.i32(i128 %tmp_data_V, i32 24, i32 31)" [scurve_adder.cpp:68]
ST_5 : Operation 126 [1/1] (0.00ns)   --->   "%sum_pix_ch0_3_addr_1 = getelementptr [144 x i32]* %sum_pix_ch0_3, i64 0, i64 %tmp_8" [scurve_adder.cpp:69]
ST_5 : Operation 127 [2/2] (2.77ns)   --->   "%sum_pix_ch0_3_load = load i32* %sum_pix_ch0_3_addr_1, align 4" [scurve_adder.cpp:69]   --->   Core 37 'RAM' <Latency = 1> <II = 1> <Delay = 2.77> <Storage> <Opcode : 'load' 'store'> <Ports = 2> <Width = 32> <Depth = 144> <RAM>
ST_5 : Operation 128 [1/1] (0.00ns)   --->   "%phitmp_4 = call i8 @_ssdm_op_PartSelect.i8.i128.i32.i32(i128 %tmp_data_V, i32 32, i32 39)" [scurve_adder.cpp:68]
ST_5 : Operation 129 [1/1] (0.00ns)   --->   "%sum_pix_ch0_4_addr_1 = getelementptr [144 x i32]* %sum_pix_ch0_4, i64 0, i64 %tmp_8" [scurve_adder.cpp:69]
ST_5 : Operation 130 [2/2] (2.77ns)   --->   "%sum_pix_ch0_4_load = load i32* %sum_pix_ch0_4_addr_1, align 4" [scurve_adder.cpp:69]   --->   Core 37 'RAM' <Latency = 1> <II = 1> <Delay = 2.77> <Storage> <Opcode : 'load' 'store'> <Ports = 2> <Width = 32> <Depth = 144> <RAM>
ST_5 : Operation 131 [1/1] (0.00ns)   --->   "%phitmp_5 = call i8 @_ssdm_op_PartSelect.i8.i128.i32.i32(i128 %tmp_data_V, i32 40, i32 47)" [scurve_adder.cpp:68]
ST_5 : Operation 132 [1/1] (0.00ns)   --->   "%sum_pix_ch0_5_addr_1 = getelementptr [144 x i32]* %sum_pix_ch0_5, i64 0, i64 %tmp_8" [scurve_adder.cpp:69]
ST_5 : Operation 133 [2/2] (2.77ns)   --->   "%sum_pix_ch0_5_load = load i32* %sum_pix_ch0_5_addr_1, align 4" [scurve_adder.cpp:69]   --->   Core 37 'RAM' <Latency = 1> <II = 1> <Delay = 2.77> <Storage> <Opcode : 'load' 'store'> <Ports = 2> <Width = 32> <Depth = 144> <RAM>
ST_5 : Operation 134 [1/1] (0.00ns)   --->   "%phitmp_6 = call i8 @_ssdm_op_PartSelect.i8.i128.i32.i32(i128 %tmp_data_V, i32 48, i32 55)" [scurve_adder.cpp:68]
ST_5 : Operation 135 [1/1] (0.00ns)   --->   "%sum_pix_ch0_6_addr_1 = getelementptr [144 x i32]* %sum_pix_ch0_6, i64 0, i64 %tmp_8" [scurve_adder.cpp:69]
ST_5 : Operation 136 [2/2] (2.77ns)   --->   "%sum_pix_ch0_6_load = load i32* %sum_pix_ch0_6_addr_1, align 4" [scurve_adder.cpp:69]   --->   Core 37 'RAM' <Latency = 1> <II = 1> <Delay = 2.77> <Storage> <Opcode : 'load' 'store'> <Ports = 2> <Width = 32> <Depth = 144> <RAM>
ST_5 : Operation 137 [1/1] (0.00ns)   --->   "%phitmp_7 = call i8 @_ssdm_op_PartSelect.i8.i128.i32.i32(i128 %tmp_data_V, i32 56, i32 63)" [scurve_adder.cpp:68]
ST_5 : Operation 138 [1/1] (0.00ns)   --->   "%sum_pix_ch0_7_addr_1 = getelementptr [144 x i32]* %sum_pix_ch0_7, i64 0, i64 %tmp_8" [scurve_adder.cpp:69]
ST_5 : Operation 139 [2/2] (2.77ns)   --->   "%sum_pix_ch0_7_load = load i32* %sum_pix_ch0_7_addr_1, align 4" [scurve_adder.cpp:69]   --->   Core 37 'RAM' <Latency = 1> <II = 1> <Delay = 2.77> <Storage> <Opcode : 'load' 'store'> <Ports = 2> <Width = 32> <Depth = 144> <RAM>
ST_5 : Operation 140 [1/1] (0.00ns)   --->   "%phitmp_8 = call i8 @_ssdm_op_PartSelect.i8.i128.i32.i32(i128 %tmp_data_V, i32 64, i32 71)" [scurve_adder.cpp:68]
ST_5 : Operation 141 [1/1] (0.00ns)   --->   "%sum_pix_ch0_8_addr_1 = getelementptr [144 x i32]* %sum_pix_ch0_8, i64 0, i64 %tmp_8" [scurve_adder.cpp:69]
ST_5 : Operation 142 [2/2] (2.77ns)   --->   "%sum_pix_ch0_8_load = load i32* %sum_pix_ch0_8_addr_1, align 4" [scurve_adder.cpp:69]   --->   Core 37 'RAM' <Latency = 1> <II = 1> <Delay = 2.77> <Storage> <Opcode : 'load' 'store'> <Ports = 2> <Width = 32> <Depth = 144> <RAM>
ST_5 : Operation 143 [1/1] (0.00ns)   --->   "%phitmp_9 = call i8 @_ssdm_op_PartSelect.i8.i128.i32.i32(i128 %tmp_data_V, i32 72, i32 79)" [scurve_adder.cpp:68]
ST_5 : Operation 144 [1/1] (0.00ns)   --->   "%sum_pix_ch0_9_addr_1 = getelementptr [144 x i32]* %sum_pix_ch0_9, i64 0, i64 %tmp_8" [scurve_adder.cpp:69]
ST_5 : Operation 145 [2/2] (2.77ns)   --->   "%sum_pix_ch0_9_load = load i32* %sum_pix_ch0_9_addr_1, align 4" [scurve_adder.cpp:69]   --->   Core 37 'RAM' <Latency = 1> <II = 1> <Delay = 2.77> <Storage> <Opcode : 'load' 'store'> <Ports = 2> <Width = 32> <Depth = 144> <RAM>
ST_5 : Operation 146 [1/1] (0.00ns)   --->   "%phitmp_s = call i8 @_ssdm_op_PartSelect.i8.i128.i32.i32(i128 %tmp_data_V, i32 80, i32 87)" [scurve_adder.cpp:68]
ST_5 : Operation 147 [1/1] (0.00ns)   --->   "%sum_pix_ch0_10_addr_1 = getelementptr [144 x i32]* %sum_pix_ch0_10, i64 0, i64 %tmp_8" [scurve_adder.cpp:69]
ST_5 : Operation 148 [2/2] (2.77ns)   --->   "%sum_pix_ch0_10_load = load i32* %sum_pix_ch0_10_addr_1, align 4" [scurve_adder.cpp:69]   --->   Core 37 'RAM' <Latency = 1> <II = 1> <Delay = 2.77> <Storage> <Opcode : 'load' 'store'> <Ports = 2> <Width = 32> <Depth = 144> <RAM>
ST_5 : Operation 149 [1/1] (0.00ns)   --->   "%phitmp_10 = call i8 @_ssdm_op_PartSelect.i8.i128.i32.i32(i128 %tmp_data_V, i32 88, i32 95)" [scurve_adder.cpp:68]
ST_5 : Operation 150 [1/1] (0.00ns)   --->   "%sum_pix_ch0_11_addr_1 = getelementptr [144 x i32]* %sum_pix_ch0_11, i64 0, i64 %tmp_8" [scurve_adder.cpp:69]
ST_5 : Operation 151 [2/2] (2.77ns)   --->   "%sum_pix_ch0_11_load = load i32* %sum_pix_ch0_11_addr_1, align 4" [scurve_adder.cpp:69]   --->   Core 37 'RAM' <Latency = 1> <II = 1> <Delay = 2.77> <Storage> <Opcode : 'load' 'store'> <Ports = 2> <Width = 32> <Depth = 144> <RAM>
ST_5 : Operation 152 [1/1] (0.00ns)   --->   "%phitmp_11 = call i8 @_ssdm_op_PartSelect.i8.i128.i32.i32(i128 %tmp_data_V, i32 96, i32 103)" [scurve_adder.cpp:68]
ST_5 : Operation 153 [1/1] (0.00ns)   --->   "%sum_pix_ch0_12_addr_1 = getelementptr [144 x i32]* %sum_pix_ch0_12, i64 0, i64 %tmp_8" [scurve_adder.cpp:69]
ST_5 : Operation 154 [2/2] (2.77ns)   --->   "%sum_pix_ch0_12_load = load i32* %sum_pix_ch0_12_addr_1, align 4" [scurve_adder.cpp:69]   --->   Core 37 'RAM' <Latency = 1> <II = 1> <Delay = 2.77> <Storage> <Opcode : 'load' 'store'> <Ports = 2> <Width = 32> <Depth = 144> <RAM>
ST_5 : Operation 155 [1/1] (0.00ns)   --->   "%phitmp_12 = call i8 @_ssdm_op_PartSelect.i8.i128.i32.i32(i128 %tmp_data_V, i32 104, i32 111)" [scurve_adder.cpp:68]
ST_5 : Operation 156 [1/1] (0.00ns)   --->   "%sum_pix_ch0_13_addr_1 = getelementptr [144 x i32]* %sum_pix_ch0_13, i64 0, i64 %tmp_8" [scurve_adder.cpp:69]
ST_5 : Operation 157 [2/2] (2.77ns)   --->   "%sum_pix_ch0_13_load = load i32* %sum_pix_ch0_13_addr_1, align 4" [scurve_adder.cpp:69]   --->   Core 37 'RAM' <Latency = 1> <II = 1> <Delay = 2.77> <Storage> <Opcode : 'load' 'store'> <Ports = 2> <Width = 32> <Depth = 144> <RAM>
ST_5 : Operation 158 [1/1] (0.00ns)   --->   "%phitmp_13 = call i8 @_ssdm_op_PartSelect.i8.i128.i32.i32(i128 %tmp_data_V, i32 112, i32 119)" [scurve_adder.cpp:68]
ST_5 : Operation 159 [1/1] (0.00ns)   --->   "%sum_pix_ch0_14_addr_1 = getelementptr [144 x i32]* %sum_pix_ch0_14, i64 0, i64 %tmp_8" [scurve_adder.cpp:69]
ST_5 : Operation 160 [2/2] (2.77ns)   --->   "%sum_pix_ch0_14_load = load i32* %sum_pix_ch0_14_addr_1, align 4" [scurve_adder.cpp:69]   --->   Core 37 'RAM' <Latency = 1> <II = 1> <Delay = 2.77> <Storage> <Opcode : 'load' 'store'> <Ports = 2> <Width = 32> <Depth = 144> <RAM>
ST_5 : Operation 161 [1/1] (0.00ns)   --->   "%phitmp_14 = call i8 @_ssdm_op_PartSelect.i8.i128.i32.i32(i128 %tmp_data_V, i32 120, i32 127)" [scurve_adder.cpp:68]
ST_5 : Operation 162 [1/1] (0.00ns)   --->   "%sum_pix_ch0_15_addr_1 = getelementptr [144 x i32]* %sum_pix_ch0_15, i64 0, i64 %tmp_8" [scurve_adder.cpp:69]
ST_5 : Operation 163 [2/2] (2.77ns)   --->   "%sum_pix_ch0_15_load = load i32* %sum_pix_ch0_15_addr_1, align 4" [scurve_adder.cpp:69]   --->   Core 37 'RAM' <Latency = 1> <II = 1> <Delay = 2.77> <Storage> <Opcode : 'load' 'store'> <Ports = 2> <Width = 32> <Depth = 144> <RAM>

 <State 6> : 2.77ns
ST_6 : Operation 164 [1/2] (2.77ns)   --->   "%sum_pix_ch0_0_load = load i32* %sum_pix_ch0_0_addr_1, align 4" [scurve_adder.cpp:69]   --->   Core 37 'RAM' <Latency = 1> <II = 1> <Delay = 2.77> <Storage> <Opcode : 'load' 'store'> <Ports = 2> <Width = 32> <Depth = 144> <RAM>
ST_6 : Operation 165 [1/2] (2.77ns)   --->   "%sum_pix_ch0_1_load = load i32* %sum_pix_ch0_1_addr_1, align 4" [scurve_adder.cpp:69]   --->   Core 37 'RAM' <Latency = 1> <II = 1> <Delay = 2.77> <Storage> <Opcode : 'load' 'store'> <Ports = 2> <Width = 32> <Depth = 144> <RAM>
ST_6 : Operation 166 [1/2] (2.77ns)   --->   "%sum_pix_ch0_2_load = load i32* %sum_pix_ch0_2_addr_1, align 4" [scurve_adder.cpp:69]   --->   Core 37 'RAM' <Latency = 1> <II = 1> <Delay = 2.77> <Storage> <Opcode : 'load' 'store'> <Ports = 2> <Width = 32> <Depth = 144> <RAM>
ST_6 : Operation 167 [1/2] (2.77ns)   --->   "%sum_pix_ch0_3_load = load i32* %sum_pix_ch0_3_addr_1, align 4" [scurve_adder.cpp:69]   --->   Core 37 'RAM' <Latency = 1> <II = 1> <Delay = 2.77> <Storage> <Opcode : 'load' 'store'> <Ports = 2> <Width = 32> <Depth = 144> <RAM>
ST_6 : Operation 168 [1/2] (2.77ns)   --->   "%sum_pix_ch0_4_load = load i32* %sum_pix_ch0_4_addr_1, align 4" [scurve_adder.cpp:69]   --->   Core 37 'RAM' <Latency = 1> <II = 1> <Delay = 2.77> <Storage> <Opcode : 'load' 'store'> <Ports = 2> <Width = 32> <Depth = 144> <RAM>
ST_6 : Operation 169 [1/2] (2.77ns)   --->   "%sum_pix_ch0_5_load = load i32* %sum_pix_ch0_5_addr_1, align 4" [scurve_adder.cpp:69]   --->   Core 37 'RAM' <Latency = 1> <II = 1> <Delay = 2.77> <Storage> <Opcode : 'load' 'store'> <Ports = 2> <Width = 32> <Depth = 144> <RAM>
ST_6 : Operation 170 [1/2] (2.77ns)   --->   "%sum_pix_ch0_6_load = load i32* %sum_pix_ch0_6_addr_1, align 4" [scurve_adder.cpp:69]   --->   Core 37 'RAM' <Latency = 1> <II = 1> <Delay = 2.77> <Storage> <Opcode : 'load' 'store'> <Ports = 2> <Width = 32> <Depth = 144> <RAM>
ST_6 : Operation 171 [1/2] (2.77ns)   --->   "%sum_pix_ch0_7_load = load i32* %sum_pix_ch0_7_addr_1, align 4" [scurve_adder.cpp:69]   --->   Core 37 'RAM' <Latency = 1> <II = 1> <Delay = 2.77> <Storage> <Opcode : 'load' 'store'> <Ports = 2> <Width = 32> <Depth = 144> <RAM>
ST_6 : Operation 172 [1/2] (2.77ns)   --->   "%sum_pix_ch0_8_load = load i32* %sum_pix_ch0_8_addr_1, align 4" [scurve_adder.cpp:69]   --->   Core 37 'RAM' <Latency = 1> <II = 1> <Delay = 2.77> <Storage> <Opcode : 'load' 'store'> <Ports = 2> <Width = 32> <Depth = 144> <RAM>
ST_6 : Operation 173 [1/2] (2.77ns)   --->   "%sum_pix_ch0_9_load = load i32* %sum_pix_ch0_9_addr_1, align 4" [scurve_adder.cpp:69]   --->   Core 37 'RAM' <Latency = 1> <II = 1> <Delay = 2.77> <Storage> <Opcode : 'load' 'store'> <Ports = 2> <Width = 32> <Depth = 144> <RAM>
ST_6 : Operation 174 [1/2] (2.77ns)   --->   "%sum_pix_ch0_10_load = load i32* %sum_pix_ch0_10_addr_1, align 4" [scurve_adder.cpp:69]   --->   Core 37 'RAM' <Latency = 1> <II = 1> <Delay = 2.77> <Storage> <Opcode : 'load' 'store'> <Ports = 2> <Width = 32> <Depth = 144> <RAM>
ST_6 : Operation 175 [1/2] (2.77ns)   --->   "%sum_pix_ch0_11_load = load i32* %sum_pix_ch0_11_addr_1, align 4" [scurve_adder.cpp:69]   --->   Core 37 'RAM' <Latency = 1> <II = 1> <Delay = 2.77> <Storage> <Opcode : 'load' 'store'> <Ports = 2> <Width = 32> <Depth = 144> <RAM>
ST_6 : Operation 176 [1/2] (2.77ns)   --->   "%sum_pix_ch0_12_load = load i32* %sum_pix_ch0_12_addr_1, align 4" [scurve_adder.cpp:69]   --->   Core 37 'RAM' <Latency = 1> <II = 1> <Delay = 2.77> <Storage> <Opcode : 'load' 'store'> <Ports = 2> <Width = 32> <Depth = 144> <RAM>
ST_6 : Operation 177 [1/2] (2.77ns)   --->   "%sum_pix_ch0_13_load = load i32* %sum_pix_ch0_13_addr_1, align 4" [scurve_adder.cpp:69]   --->   Core 37 'RAM' <Latency = 1> <II = 1> <Delay = 2.77> <Storage> <Opcode : 'load' 'store'> <Ports = 2> <Width = 32> <Depth = 144> <RAM>
ST_6 : Operation 178 [1/2] (2.77ns)   --->   "%sum_pix_ch0_14_load = load i32* %sum_pix_ch0_14_addr_1, align 4" [scurve_adder.cpp:69]   --->   Core 37 'RAM' <Latency = 1> <II = 1> <Delay = 2.77> <Storage> <Opcode : 'load' 'store'> <Ports = 2> <Width = 32> <Depth = 144> <RAM>
ST_6 : Operation 179 [1/2] (2.77ns)   --->   "%sum_pix_ch0_15_load = load i32* %sum_pix_ch0_15_addr_1, align 4" [scurve_adder.cpp:69]   --->   Core 37 'RAM' <Latency = 1> <II = 1> <Delay = 2.77> <Storage> <Opcode : 'load' 'store'> <Ports = 2> <Width = 32> <Depth = 144> <RAM>

 <State 7> : 2.25ns
ST_7 : Operation 180 [1/1] (0.00ns)   --->   "%tmp_6 = zext i8 %tmp_12 to i32" [scurve_adder.cpp:69]
ST_7 : Operation 181 [1/1] (2.24ns)   --->   "%tmp_9 = add i32 %sum_pix_ch0_0_load, %tmp_6" [scurve_adder.cpp:69]   --->   Core 14 'AddSub' <Latency = 0> <II = 1> <Delay = 1.95> <FuncUnit> <Opcode : 'add' 'sub'> <InPorts = 2> <OutPorts = 1>
ST_7 : Operation 182 [1/1] (0.00ns)   --->   "%tmp_28_1 = zext i8 %phitmp_1 to i32" [scurve_adder.cpp:69]
ST_7 : Operation 183 [1/1] (2.24ns)   --->   "%tmp_29_1 = add i32 %sum_pix_ch0_1_load, %tmp_28_1" [scurve_adder.cpp:69]   --->   Core 14 'AddSub' <Latency = 0> <II = 1> <Delay = 1.95> <FuncUnit> <Opcode : 'add' 'sub'> <InPorts = 2> <OutPorts = 1>
ST_7 : Operation 184 [1/1] (0.00ns)   --->   "%tmp_28_2 = zext i8 %phitmp_2 to i32" [scurve_adder.cpp:69]
ST_7 : Operation 185 [1/1] (2.24ns)   --->   "%tmp_29_2 = add i32 %sum_pix_ch0_2_load, %tmp_28_2" [scurve_adder.cpp:69]   --->   Core 14 'AddSub' <Latency = 0> <II = 1> <Delay = 1.95> <FuncUnit> <Opcode : 'add' 'sub'> <InPorts = 2> <OutPorts = 1>
ST_7 : Operation 186 [1/1] (0.00ns)   --->   "%tmp_28_3 = zext i8 %phitmp_3 to i32" [scurve_adder.cpp:69]
ST_7 : Operation 187 [1/1] (2.24ns)   --->   "%tmp_29_3 = add i32 %sum_pix_ch0_3_load, %tmp_28_3" [scurve_adder.cpp:69]   --->   Core 14 'AddSub' <Latency = 0> <II = 1> <Delay = 1.95> <FuncUnit> <Opcode : 'add' 'sub'> <InPorts = 2> <OutPorts = 1>
ST_7 : Operation 188 [1/1] (0.00ns)   --->   "%tmp_28_4 = zext i8 %phitmp_4 to i32" [scurve_adder.cpp:69]
ST_7 : Operation 189 [1/1] (2.24ns)   --->   "%tmp_29_4 = add i32 %sum_pix_ch0_4_load, %tmp_28_4" [scurve_adder.cpp:69]   --->   Core 14 'AddSub' <Latency = 0> <II = 1> <Delay = 1.95> <FuncUnit> <Opcode : 'add' 'sub'> <InPorts = 2> <OutPorts = 1>
ST_7 : Operation 190 [1/1] (0.00ns)   --->   "%tmp_28_5 = zext i8 %phitmp_5 to i32" [scurve_adder.cpp:69]
ST_7 : Operation 191 [1/1] (2.24ns)   --->   "%tmp_29_5 = add i32 %sum_pix_ch0_5_load, %tmp_28_5" [scurve_adder.cpp:69]   --->   Core 14 'AddSub' <Latency = 0> <II = 1> <Delay = 1.95> <FuncUnit> <Opcode : 'add' 'sub'> <InPorts = 2> <OutPorts = 1>
ST_7 : Operation 192 [1/1] (0.00ns)   --->   "%tmp_28_6 = zext i8 %phitmp_6 to i32" [scurve_adder.cpp:69]
ST_7 : Operation 193 [1/1] (2.24ns)   --->   "%tmp_29_6 = add i32 %sum_pix_ch0_6_load, %tmp_28_6" [scurve_adder.cpp:69]   --->   Core 14 'AddSub' <Latency = 0> <II = 1> <Delay = 1.95> <FuncUnit> <Opcode : 'add' 'sub'> <InPorts = 2> <OutPorts = 1>
ST_7 : Operation 194 [1/1] (0.00ns)   --->   "%tmp_28_7 = zext i8 %phitmp_7 to i32" [scurve_adder.cpp:69]
ST_7 : Operation 195 [1/1] (2.24ns)   --->   "%tmp_29_7 = add i32 %sum_pix_ch0_7_load, %tmp_28_7" [scurve_adder.cpp:69]   --->   Core 14 'AddSub' <Latency = 0> <II = 1> <Delay = 1.95> <FuncUnit> <Opcode : 'add' 'sub'> <InPorts = 2> <OutPorts = 1>
ST_7 : Operation 196 [1/1] (0.00ns)   --->   "%tmp_28_8 = zext i8 %phitmp_8 to i32" [scurve_adder.cpp:69]
ST_7 : Operation 197 [1/1] (2.24ns)   --->   "%tmp_29_8 = add i32 %sum_pix_ch0_8_load, %tmp_28_8" [scurve_adder.cpp:69]   --->   Core 14 'AddSub' <Latency = 0> <II = 1> <Delay = 1.95> <FuncUnit> <Opcode : 'add' 'sub'> <InPorts = 2> <OutPorts = 1>
ST_7 : Operation 198 [1/1] (0.00ns)   --->   "%tmp_28_9 = zext i8 %phitmp_9 to i32" [scurve_adder.cpp:69]
ST_7 : Operation 199 [1/1] (2.24ns)   --->   "%tmp_29_9 = add i32 %sum_pix_ch0_9_load, %tmp_28_9" [scurve_adder.cpp:69]   --->   Core 14 'AddSub' <Latency = 0> <II = 1> <Delay = 1.95> <FuncUnit> <Opcode : 'add' 'sub'> <InPorts = 2> <OutPorts = 1>
ST_7 : Operation 200 [1/1] (0.00ns)   --->   "%tmp_28_s = zext i8 %phitmp_s to i32" [scurve_adder.cpp:69]
ST_7 : Operation 201 [1/1] (2.24ns)   --->   "%tmp_29_s = add i32 %sum_pix_ch0_10_load, %tmp_28_s" [scurve_adder.cpp:69]   --->   Core 14 'AddSub' <Latency = 0> <II = 1> <Delay = 1.95> <FuncUnit> <Opcode : 'add' 'sub'> <InPorts = 2> <OutPorts = 1>
ST_7 : Operation 202 [1/1] (0.00ns)   --->   "%tmp_28_10 = zext i8 %phitmp_10 to i32" [scurve_adder.cpp:69]
ST_7 : Operation 203 [1/1] (2.24ns)   --->   "%tmp_29_10 = add i32 %sum_pix_ch0_11_load, %tmp_28_10" [scurve_adder.cpp:69]   --->   Core 14 'AddSub' <Latency = 0> <II = 1> <Delay = 1.95> <FuncUnit> <Opcode : 'add' 'sub'> <InPorts = 2> <OutPorts = 1>
ST_7 : Operation 204 [1/1] (0.00ns)   --->   "%tmp_28_11 = zext i8 %phitmp_11 to i32" [scurve_adder.cpp:69]
ST_7 : Operation 205 [1/1] (2.24ns)   --->   "%tmp_29_11 = add i32 %sum_pix_ch0_12_load, %tmp_28_11" [scurve_adder.cpp:69]   --->   Core 14 'AddSub' <Latency = 0> <II = 1> <Delay = 1.95> <FuncUnit> <Opcode : 'add' 'sub'> <InPorts = 2> <OutPorts = 1>
ST_7 : Operation 206 [1/1] (0.00ns)   --->   "%tmp_28_12 = zext i8 %phitmp_12 to i32" [scurve_adder.cpp:69]
ST_7 : Operation 207 [1/1] (2.24ns)   --->   "%tmp_29_12 = add i32 %sum_pix_ch0_13_load, %tmp_28_12" [scurve_adder.cpp:69]   --->   Core 14 'AddSub' <Latency = 0> <II = 1> <Delay = 1.95> <FuncUnit> <Opcode : 'add' 'sub'> <InPorts = 2> <OutPorts = 1>
ST_7 : Operation 208 [1/1] (0.00ns)   --->   "%tmp_28_13 = zext i8 %phitmp_13 to i32" [scurve_adder.cpp:69]
ST_7 : Operation 209 [1/1] (2.24ns)   --->   "%tmp_29_13 = add i32 %sum_pix_ch0_14_load, %tmp_28_13" [scurve_adder.cpp:69]   --->   Core 14 'AddSub' <Latency = 0> <II = 1> <Delay = 1.95> <FuncUnit> <Opcode : 'add' 'sub'> <InPorts = 2> <OutPorts = 1>
ST_7 : Operation 210 [1/1] (0.00ns)   --->   "%tmp_28_14 = zext i8 %phitmp_14 to i32" [scurve_adder.cpp:69]
ST_7 : Operation 211 [1/1] (2.24ns)   --->   "%tmp_29_14 = add i32 %sum_pix_ch0_15_load, %tmp_28_14" [scurve_adder.cpp:69]   --->   Core 14 'AddSub' <Latency = 0> <II = 1> <Delay = 1.95> <FuncUnit> <Opcode : 'add' 'sub'> <InPorts = 2> <OutPorts = 1>

 <State 8> : 2.77ns
ST_8 : Operation 212 [1/1] (0.00ns)   --->   "%tmp_5 = call i32 (...)* @_ssdm_op_SpecRegionBegin([12 x i8]* @p_str6)" [scurve_adder.cpp:57]
ST_8 : Operation 213 [1/1] (0.00ns)   --->   "call void (...)* @_ssdm_op_SpecPipeline(i32 -1, i32 1, i32 1, i32 0, [1 x i8]* @p_str2) nounwind" [scurve_adder.cpp:58]
ST_8 : Operation 214 [1/1] (2.77ns)   --->   "store i32 %tmp_9, i32* %sum_pix_ch0_0_addr_1, align 4" [scurve_adder.cpp:69]   --->   Core 37 'RAM' <Latency = 1> <II = 1> <Delay = 2.77> <Storage> <Opcode : 'load' 'store'> <Ports = 2> <Width = 32> <Depth = 144> <RAM>
ST_8 : Operation 215 [1/1] (2.77ns)   --->   "store i32 %tmp_29_1, i32* %sum_pix_ch0_1_addr_1, align 4" [scurve_adder.cpp:69]   --->   Core 37 'RAM' <Latency = 1> <II = 1> <Delay = 2.77> <Storage> <Opcode : 'load' 'store'> <Ports = 2> <Width = 32> <Depth = 144> <RAM>
ST_8 : Operation 216 [1/1] (2.77ns)   --->   "store i32 %tmp_29_2, i32* %sum_pix_ch0_2_addr_1, align 4" [scurve_adder.cpp:69]   --->   Core 37 'RAM' <Latency = 1> <II = 1> <Delay = 2.77> <Storage> <Opcode : 'load' 'store'> <Ports = 2> <Width = 32> <Depth = 144> <RAM>
ST_8 : Operation 217 [1/1] (2.77ns)   --->   "store i32 %tmp_29_3, i32* %sum_pix_ch0_3_addr_1, align 4" [scurve_adder.cpp:69]   --->   Core 37 'RAM' <Latency = 1> <II = 1> <Delay = 2.77> <Storage> <Opcode : 'load' 'store'> <Ports = 2> <Width = 32> <Depth = 144> <RAM>
ST_8 : Operation 218 [1/1] (2.77ns)   --->   "store i32 %tmp_29_4, i32* %sum_pix_ch0_4_addr_1, align 4" [scurve_adder.cpp:69]   --->   Core 37 'RAM' <Latency = 1> <II = 1> <Delay = 2.77> <Storage> <Opcode : 'load' 'store'> <Ports = 2> <Width = 32> <Depth = 144> <RAM>
ST_8 : Operation 219 [1/1] (2.77ns)   --->   "store i32 %tmp_29_5, i32* %sum_pix_ch0_5_addr_1, align 4" [scurve_adder.cpp:69]   --->   Core 37 'RAM' <Latency = 1> <II = 1> <Delay = 2.77> <Storage> <Opcode : 'load' 'store'> <Ports = 2> <Width = 32> <Depth = 144> <RAM>
ST_8 : Operation 220 [1/1] (2.77ns)   --->   "store i32 %tmp_29_6, i32* %sum_pix_ch0_6_addr_1, align 4" [scurve_adder.cpp:69]   --->   Core 37 'RAM' <Latency = 1> <II = 1> <Delay = 2.77> <Storage> <Opcode : 'load' 'store'> <Ports = 2> <Width = 32> <Depth = 144> <RAM>
ST_8 : Operation 221 [1/1] (2.77ns)   --->   "store i32 %tmp_29_7, i32* %sum_pix_ch0_7_addr_1, align 4" [scurve_adder.cpp:69]   --->   Core 37 'RAM' <Latency = 1> <II = 1> <Delay = 2.77> <Storage> <Opcode : 'load' 'store'> <Ports = 2> <Width = 32> <Depth = 144> <RAM>
ST_8 : Operation 222 [1/1] (2.77ns)   --->   "store i32 %tmp_29_8, i32* %sum_pix_ch0_8_addr_1, align 4" [scurve_adder.cpp:69]   --->   Core 37 'RAM' <Latency = 1> <II = 1> <Delay = 2.77> <Storage> <Opcode : 'load' 'store'> <Ports = 2> <Width = 32> <Depth = 144> <RAM>
ST_8 : Operation 223 [1/1] (2.77ns)   --->   "store i32 %tmp_29_9, i32* %sum_pix_ch0_9_addr_1, align 4" [scurve_adder.cpp:69]   --->   Core 37 'RAM' <Latency = 1> <II = 1> <Delay = 2.77> <Storage> <Opcode : 'load' 'store'> <Ports = 2> <Width = 32> <Depth = 144> <RAM>
ST_8 : Operation 224 [1/1] (2.77ns)   --->   "store i32 %tmp_29_s, i32* %sum_pix_ch0_10_addr_1, align 4" [scurve_adder.cpp:69]   --->   Core 37 'RAM' <Latency = 1> <II = 1> <Delay = 2.77> <Storage> <Opcode : 'load' 'store'> <Ports = 2> <Width = 32> <Depth = 144> <RAM>
ST_8 : Operation 225 [1/1] (2.77ns)   --->   "store i32 %tmp_29_10, i32* %sum_pix_ch0_11_addr_1, align 4" [scurve_adder.cpp:69]   --->   Core 37 'RAM' <Latency = 1> <II = 1> <Delay = 2.77> <Storage> <Opcode : 'load' 'store'> <Ports = 2> <Width = 32> <Depth = 144> <RAM>
ST_8 : Operation 226 [1/1] (2.77ns)   --->   "store i32 %tmp_29_11, i32* %sum_pix_ch0_12_addr_1, align 4" [scurve_adder.cpp:69]   --->   Core 37 'RAM' <Latency = 1> <II = 1> <Delay = 2.77> <Storage> <Opcode : 'load' 'store'> <Ports = 2> <Width = 32> <Depth = 144> <RAM>
ST_8 : Operation 227 [1/1] (2.77ns)   --->   "store i32 %tmp_29_12, i32* %sum_pix_ch0_13_addr_1, align 4" [scurve_adder.cpp:69]   --->   Core 37 'RAM' <Latency = 1> <II = 1> <Delay = 2.77> <Storage> <Opcode : 'load' 'store'> <Ports = 2> <Width = 32> <Depth = 144> <RAM>
ST_8 : Operation 228 [1/1] (2.77ns)   --->   "store i32 %tmp_29_13, i32* %sum_pix_ch0_14_addr_1, align 4" [scurve_adder.cpp:69]   --->   Core 37 'RAM' <Latency = 1> <II = 1> <Delay = 2.77> <Storage> <Opcode : 'load' 'store'> <Ports = 2> <Width = 32> <Depth = 144> <RAM>
ST_8 : Operation 229 [1/1] (2.77ns)   --->   "store i32 %tmp_29_14, i32* %sum_pix_ch0_15_addr_1, align 4" [scurve_adder.cpp:69]   --->   Core 37 'RAM' <Latency = 1> <II = 1> <Delay = 2.77> <Storage> <Opcode : 'load' 'store'> <Ports = 2> <Width = 32> <Depth = 144> <RAM>
ST_8 : Operation 230 [1/1] (0.00ns)   --->   "%empty_7 = call i32 (...)* @_ssdm_op_SpecRegionEnd([12 x i8]* @p_str6, i32 %tmp_5)" [scurve_adder.cpp:75]
ST_8 : Operation 231 [1/1] (0.00ns)   --->   "br label %.preheader155" [scurve_adder.cpp:57]

 <State 9> : 2.14ns
ST_9 : Operation 232 [1/1] (2.14ns)   --->   "%tmp_2 = icmp eq i32 %TEST_MODE_read, 0" [scurve_adder.cpp:97]   --->   Core 25 'Cmp' <Latency = 0> <II = 1> <Delay = 2.14> <FuncUnit> <Opcode : 'icmp'> <InPorts = 2> <OutPorts = 1>
ST_9 : Operation 233 [1/1] (1.30ns)   --->   "br label %.preheader154" [scurve_adder.cpp:80]

 <State 10> : 2.77ns
ST_10 : Operation 234 [1/1] (0.00ns)   --->   "%i_2 = phi i8 [ %i_5, %_ifconv ], [ 0, %.preheader154.preheader ]"
ST_10 : Operation 235 [1/1] (1.28ns)   --->   "%exitcond4 = icmp eq i8 %i_2, -112" [scurve_adder.cpp:80]   --->   Core 25 'Cmp' <Latency = 0> <II = 1> <Delay = 2.14> <FuncUnit> <Opcode : 'icmp'> <InPorts = 2> <OutPorts = 1>
ST_10 : Operation 236 [1/1] (0.00ns)   --->   "%empty_8 = call i32 (...)* @_ssdm_op_SpecLoopTripCount(i64 144, i64 144, i64 144)"
ST_10 : Operation 237 [1/1] (1.69ns)   --->   "%i_5 = add i8 %i_2, 1" [scurve_adder.cpp:80]   --->   Core 14 'AddSub' <Latency = 0> <II = 1> <Delay = 1.95> <FuncUnit> <Opcode : 'add' 'sub'> <InPorts = 2> <OutPorts = 1>
ST_10 : Operation 238 [1/1] (0.00ns)   --->   "br i1 %exitcond4, label %2, label %_ifconv" [scurve_adder.cpp:80]
ST_10 : Operation 239 [1/1] (1.28ns)   --->   "%tmp_last_V = icmp eq i8 %i_2, -113" [scurve_adder.cpp:89]   --->   Core 25 'Cmp' <Latency = 0> <II = 1> <Delay = 2.14> <FuncUnit> <Opcode : 'icmp'> <InPorts = 2> <OutPorts = 1>
ST_10 : Operation 240 [1/1] (0.00ns)   --->   "%tmp_s = zext i8 %i_2 to i64" [scurve_adder.cpp:100]
ST_10 : Operation 241 [1/1] (0.00ns)   --->   "%sum_pix_ch0_0_addr_2 = getelementptr [144 x i32]* %sum_pix_ch0_0, i64 0, i64 %tmp_s" [scurve_adder.cpp:100]
ST_10 : Operation 242 [2/2] (2.77ns)   --->   "%sum_pix_ch0_0_load_1 = load i32* %sum_pix_ch0_0_addr_2, align 4" [scurve_adder.cpp:100]   --->   Core 37 'RAM' <Latency = 1> <II = 1> <Delay = 2.77> <Storage> <Opcode : 'load' 'store'> <Ports = 2> <Width = 32> <Depth = 144> <RAM>
ST_10 : Operation 243 [1/1] (0.00ns)   --->   "%sum_pix_ch0_1_addr_2 = getelementptr [144 x i32]* %sum_pix_ch0_1, i64 0, i64 %tmp_s" [scurve_adder.cpp:100]
ST_10 : Operation 244 [2/2] (2.77ns)   --->   "%sum_pix_ch0_1_load_1 = load i32* %sum_pix_ch0_1_addr_2, align 4" [scurve_adder.cpp:100]   --->   Core 37 'RAM' <Latency = 1> <II = 1> <Delay = 2.77> <Storage> <Opcode : 'load' 'store'> <Ports = 2> <Width = 32> <Depth = 144> <RAM>
ST_10 : Operation 245 [1/1] (0.00ns)   --->   "%sum_pix_ch0_2_addr_2 = getelementptr [144 x i32]* %sum_pix_ch0_2, i64 0, i64 %tmp_s" [scurve_adder.cpp:100]
ST_10 : Operation 246 [2/2] (2.77ns)   --->   "%sum_pix_ch0_2_load_1 = load i32* %sum_pix_ch0_2_addr_2, align 4" [scurve_adder.cpp:100]   --->   Core 37 'RAM' <Latency = 1> <II = 1> <Delay = 2.77> <Storage> <Opcode : 'load' 'store'> <Ports = 2> <Width = 32> <Depth = 144> <RAM>
ST_10 : Operation 247 [1/1] (0.00ns)   --->   "%sum_pix_ch0_3_addr_2 = getelementptr [144 x i32]* %sum_pix_ch0_3, i64 0, i64 %tmp_s" [scurve_adder.cpp:100]
ST_10 : Operation 248 [2/2] (2.77ns)   --->   "%sum_pix_ch0_3_load_1 = load i32* %sum_pix_ch0_3_addr_2, align 4" [scurve_adder.cpp:100]   --->   Core 37 'RAM' <Latency = 1> <II = 1> <Delay = 2.77> <Storage> <Opcode : 'load' 'store'> <Ports = 2> <Width = 32> <Depth = 144> <RAM>
ST_10 : Operation 249 [1/1] (0.00ns)   --->   "%sum_pix_ch0_4_addr_2 = getelementptr [144 x i32]* %sum_pix_ch0_4, i64 0, i64 %tmp_s" [scurve_adder.cpp:100]
ST_10 : Operation 250 [2/2] (2.77ns)   --->   "%sum_pix_ch0_4_load_1 = load i32* %sum_pix_ch0_4_addr_2, align 4" [scurve_adder.cpp:100]   --->   Core 37 'RAM' <Latency = 1> <II = 1> <Delay = 2.77> <Storage> <Opcode : 'load' 'store'> <Ports = 2> <Width = 32> <Depth = 144> <RAM>
ST_10 : Operation 251 [1/1] (0.00ns)   --->   "%sum_pix_ch0_5_addr_2 = getelementptr [144 x i32]* %sum_pix_ch0_5, i64 0, i64 %tmp_s" [scurve_adder.cpp:100]
ST_10 : Operation 252 [2/2] (2.77ns)   --->   "%sum_pix_ch0_5_load_1 = load i32* %sum_pix_ch0_5_addr_2, align 4" [scurve_adder.cpp:100]   --->   Core 37 'RAM' <Latency = 1> <II = 1> <Delay = 2.77> <Storage> <Opcode : 'load' 'store'> <Ports = 2> <Width = 32> <Depth = 144> <RAM>
ST_10 : Operation 253 [1/1] (0.00ns)   --->   "%sum_pix_ch0_6_addr_2 = getelementptr [144 x i32]* %sum_pix_ch0_6, i64 0, i64 %tmp_s" [scurve_adder.cpp:100]
ST_10 : Operation 254 [2/2] (2.77ns)   --->   "%sum_pix_ch0_6_load_1 = load i32* %sum_pix_ch0_6_addr_2, align 4" [scurve_adder.cpp:100]   --->   Core 37 'RAM' <Latency = 1> <II = 1> <Delay = 2.77> <Storage> <Opcode : 'load' 'store'> <Ports = 2> <Width = 32> <Depth = 144> <RAM>
ST_10 : Operation 255 [1/1] (0.00ns)   --->   "%sum_pix_ch0_7_addr_2 = getelementptr [144 x i32]* %sum_pix_ch0_7, i64 0, i64 %tmp_s" [scurve_adder.cpp:100]
ST_10 : Operation 256 [2/2] (2.77ns)   --->   "%sum_pix_ch0_7_load_1 = load i32* %sum_pix_ch0_7_addr_2, align 4" [scurve_adder.cpp:100]   --->   Core 37 'RAM' <Latency = 1> <II = 1> <Delay = 2.77> <Storage> <Opcode : 'load' 'store'> <Ports = 2> <Width = 32> <Depth = 144> <RAM>
ST_10 : Operation 257 [1/1] (0.00ns)   --->   "%sum_pix_ch0_8_addr_2 = getelementptr [144 x i32]* %sum_pix_ch0_8, i64 0, i64 %tmp_s" [scurve_adder.cpp:100]
ST_10 : Operation 258 [2/2] (2.77ns)   --->   "%sum_pix_ch0_8_load_1 = load i32* %sum_pix_ch0_8_addr_2, align 4" [scurve_adder.cpp:100]   --->   Core 37 'RAM' <Latency = 1> <II = 1> <Delay = 2.77> <Storage> <Opcode : 'load' 'store'> <Ports = 2> <Width = 32> <Depth = 144> <RAM>
ST_10 : Operation 259 [1/1] (0.00ns)   --->   "%sum_pix_ch0_9_addr_2 = getelementptr [144 x i32]* %sum_pix_ch0_9, i64 0, i64 %tmp_s" [scurve_adder.cpp:100]
ST_10 : Operation 260 [2/2] (2.77ns)   --->   "%sum_pix_ch0_9_load_1 = load i32* %sum_pix_ch0_9_addr_2, align 4" [scurve_adder.cpp:100]   --->   Core 37 'RAM' <Latency = 1> <II = 1> <Delay = 2.77> <Storage> <Opcode : 'load' 'store'> <Ports = 2> <Width = 32> <Depth = 144> <RAM>
ST_10 : Operation 261 [1/1] (0.00ns)   --->   "%sum_pix_ch0_10_addr_2 = getelementptr [144 x i32]* %sum_pix_ch0_10, i64 0, i64 %tmp_s" [scurve_adder.cpp:100]
ST_10 : Operation 262 [2/2] (2.77ns)   --->   "%sum_pix_ch0_10_load_1 = load i32* %sum_pix_ch0_10_addr_2, align 4" [scurve_adder.cpp:100]   --->   Core 37 'RAM' <Latency = 1> <II = 1> <Delay = 2.77> <Storage> <Opcode : 'load' 'store'> <Ports = 2> <Width = 32> <Depth = 144> <RAM>
ST_10 : Operation 263 [1/1] (0.00ns)   --->   "%sum_pix_ch0_11_addr_2 = getelementptr [144 x i32]* %sum_pix_ch0_11, i64 0, i64 %tmp_s" [scurve_adder.cpp:100]
ST_10 : Operation 264 [2/2] (2.77ns)   --->   "%sum_pix_ch0_11_load_1 = load i32* %sum_pix_ch0_11_addr_2, align 4" [scurve_adder.cpp:100]   --->   Core 37 'RAM' <Latency = 1> <II = 1> <Delay = 2.77> <Storage> <Opcode : 'load' 'store'> <Ports = 2> <Width = 32> <Depth = 144> <RAM>
ST_10 : Operation 265 [1/1] (0.00ns)   --->   "%sum_pix_ch0_12_addr_2 = getelementptr [144 x i32]* %sum_pix_ch0_12, i64 0, i64 %tmp_s" [scurve_adder.cpp:100]
ST_10 : Operation 266 [2/2] (2.77ns)   --->   "%sum_pix_ch0_12_load_1 = load i32* %sum_pix_ch0_12_addr_2, align 4" [scurve_adder.cpp:100]   --->   Core 37 'RAM' <Latency = 1> <II = 1> <Delay = 2.77> <Storage> <Opcode : 'load' 'store'> <Ports = 2> <Width = 32> <Depth = 144> <RAM>
ST_10 : Operation 267 [1/1] (0.00ns)   --->   "%sum_pix_ch0_13_addr_2 = getelementptr [144 x i32]* %sum_pix_ch0_13, i64 0, i64 %tmp_s" [scurve_adder.cpp:100]
ST_10 : Operation 268 [2/2] (2.77ns)   --->   "%sum_pix_ch0_13_load_1 = load i32* %sum_pix_ch0_13_addr_2, align 4" [scurve_adder.cpp:100]   --->   Core 37 'RAM' <Latency = 1> <II = 1> <Delay = 2.77> <Storage> <Opcode : 'load' 'store'> <Ports = 2> <Width = 32> <Depth = 144> <RAM>
ST_10 : Operation 269 [1/1] (0.00ns)   --->   "%sum_pix_ch0_14_addr_2 = getelementptr [144 x i32]* %sum_pix_ch0_14, i64 0, i64 %tmp_s" [scurve_adder.cpp:100]
ST_10 : Operation 270 [2/2] (2.77ns)   --->   "%sum_pix_ch0_14_load_1 = load i32* %sum_pix_ch0_14_addr_2, align 4" [scurve_adder.cpp:100]   --->   Core 37 'RAM' <Latency = 1> <II = 1> <Delay = 2.77> <Storage> <Opcode : 'load' 'store'> <Ports = 2> <Width = 32> <Depth = 144> <RAM>
ST_10 : Operation 271 [1/1] (0.00ns)   --->   "%sum_pix_ch0_15_addr_2 = getelementptr [144 x i32]* %sum_pix_ch0_15, i64 0, i64 %tmp_s" [scurve_adder.cpp:100]
ST_10 : Operation 272 [2/2] (2.77ns)   --->   "%sum_pix_ch0_15_load_1 = load i32* %sum_pix_ch0_15_addr_2, align 4" [scurve_adder.cpp:100]   --->   Core 37 'RAM' <Latency = 1> <II = 1> <Delay = 2.77> <Storage> <Opcode : 'load' 'store'> <Ports = 2> <Width = 32> <Depth = 144> <RAM>
ST_10 : Operation 273 [1/1] (0.00ns)   --->   "%tmp_3 = call i12 @_ssdm_op_BitConcatenate.i12.i8.i4(i8 %i_2, i4 0)" [scurve_adder.cpp:106]

 <State 11> : 2.77ns
ST_11 : Operation 274 [1/2] (2.77ns)   --->   "%sum_pix_ch0_0_load_1 = load i32* %sum_pix_ch0_0_addr_2, align 4" [scurve_adder.cpp:100]   --->   Core 37 'RAM' <Latency = 1> <II = 1> <Delay = 2.77> <Storage> <Opcode : 'load' 'store'> <Ports = 2> <Width = 32> <Depth = 144> <RAM>
ST_11 : Operation 275 [1/2] (2.77ns)   --->   "%sum_pix_ch0_1_load_1 = load i32* %sum_pix_ch0_1_addr_2, align 4" [scurve_adder.cpp:100]   --->   Core 37 'RAM' <Latency = 1> <II = 1> <Delay = 2.77> <Storage> <Opcode : 'load' 'store'> <Ports = 2> <Width = 32> <Depth = 144> <RAM>
ST_11 : Operation 276 [1/2] (2.77ns)   --->   "%sum_pix_ch0_2_load_1 = load i32* %sum_pix_ch0_2_addr_2, align 4" [scurve_adder.cpp:100]   --->   Core 37 'RAM' <Latency = 1> <II = 1> <Delay = 2.77> <Storage> <Opcode : 'load' 'store'> <Ports = 2> <Width = 32> <Depth = 144> <RAM>
ST_11 : Operation 277 [1/2] (2.77ns)   --->   "%sum_pix_ch0_3_load_1 = load i32* %sum_pix_ch0_3_addr_2, align 4" [scurve_adder.cpp:100]   --->   Core 37 'RAM' <Latency = 1> <II = 1> <Delay = 2.77> <Storage> <Opcode : 'load' 'store'> <Ports = 2> <Width = 32> <Depth = 144> <RAM>
ST_11 : Operation 278 [1/2] (2.77ns)   --->   "%sum_pix_ch0_4_load_1 = load i32* %sum_pix_ch0_4_addr_2, align 4" [scurve_adder.cpp:100]   --->   Core 37 'RAM' <Latency = 1> <II = 1> <Delay = 2.77> <Storage> <Opcode : 'load' 'store'> <Ports = 2> <Width = 32> <Depth = 144> <RAM>
ST_11 : Operation 279 [1/2] (2.77ns)   --->   "%sum_pix_ch0_5_load_1 = load i32* %sum_pix_ch0_5_addr_2, align 4" [scurve_adder.cpp:100]   --->   Core 37 'RAM' <Latency = 1> <II = 1> <Delay = 2.77> <Storage> <Opcode : 'load' 'store'> <Ports = 2> <Width = 32> <Depth = 144> <RAM>
ST_11 : Operation 280 [1/2] (2.77ns)   --->   "%sum_pix_ch0_6_load_1 = load i32* %sum_pix_ch0_6_addr_2, align 4" [scurve_adder.cpp:100]   --->   Core 37 'RAM' <Latency = 1> <II = 1> <Delay = 2.77> <Storage> <Opcode : 'load' 'store'> <Ports = 2> <Width = 32> <Depth = 144> <RAM>
ST_11 : Operation 281 [1/2] (2.77ns)   --->   "%sum_pix_ch0_7_load_1 = load i32* %sum_pix_ch0_7_addr_2, align 4" [scurve_adder.cpp:100]   --->   Core 37 'RAM' <Latency = 1> <II = 1> <Delay = 2.77> <Storage> <Opcode : 'load' 'store'> <Ports = 2> <Width = 32> <Depth = 144> <RAM>
ST_11 : Operation 282 [1/2] (2.77ns)   --->   "%sum_pix_ch0_8_load_1 = load i32* %sum_pix_ch0_8_addr_2, align 4" [scurve_adder.cpp:100]   --->   Core 37 'RAM' <Latency = 1> <II = 1> <Delay = 2.77> <Storage> <Opcode : 'load' 'store'> <Ports = 2> <Width = 32> <Depth = 144> <RAM>
ST_11 : Operation 283 [1/2] (2.77ns)   --->   "%sum_pix_ch0_9_load_1 = load i32* %sum_pix_ch0_9_addr_2, align 4" [scurve_adder.cpp:100]   --->   Core 37 'RAM' <Latency = 1> <II = 1> <Delay = 2.77> <Storage> <Opcode : 'load' 'store'> <Ports = 2> <Width = 32> <Depth = 144> <RAM>
ST_11 : Operation 284 [1/2] (2.77ns)   --->   "%sum_pix_ch0_10_load_1 = load i32* %sum_pix_ch0_10_addr_2, align 4" [scurve_adder.cpp:100]   --->   Core 37 'RAM' <Latency = 1> <II = 1> <Delay = 2.77> <Storage> <Opcode : 'load' 'store'> <Ports = 2> <Width = 32> <Depth = 144> <RAM>
ST_11 : Operation 285 [1/2] (2.77ns)   --->   "%sum_pix_ch0_11_load_1 = load i32* %sum_pix_ch0_11_addr_2, align 4" [scurve_adder.cpp:100]   --->   Core 37 'RAM' <Latency = 1> <II = 1> <Delay = 2.77> <Storage> <Opcode : 'load' 'store'> <Ports = 2> <Width = 32> <Depth = 144> <RAM>
ST_11 : Operation 286 [1/2] (2.77ns)   --->   "%sum_pix_ch0_12_load_1 = load i32* %sum_pix_ch0_12_addr_2, align 4" [scurve_adder.cpp:100]   --->   Core 37 'RAM' <Latency = 1> <II = 1> <Delay = 2.77> <Storage> <Opcode : 'load' 'store'> <Ports = 2> <Width = 32> <Depth = 144> <RAM>
ST_11 : Operation 287 [1/2] (2.77ns)   --->   "%sum_pix_ch0_13_load_1 = load i32* %sum_pix_ch0_13_addr_2, align 4" [scurve_adder.cpp:100]   --->   Core 37 'RAM' <Latency = 1> <II = 1> <Delay = 2.77> <Storage> <Opcode : 'load' 'store'> <Ports = 2> <Width = 32> <Depth = 144> <RAM>
ST_11 : Operation 288 [1/2] (2.77ns)   --->   "%sum_pix_ch0_14_load_1 = load i32* %sum_pix_ch0_14_addr_2, align 4" [scurve_adder.cpp:100]   --->   Core 37 'RAM' <Latency = 1> <II = 1> <Delay = 2.77> <Storage> <Opcode : 'load' 'store'> <Ports = 2> <Width = 32> <Depth = 144> <RAM>
ST_11 : Operation 289 [1/2] (2.77ns)   --->   "%sum_pix_ch0_15_load_1 = load i32* %sum_pix_ch0_15_addr_2, align 4" [scurve_adder.cpp:100]   --->   Core 37 'RAM' <Latency = 1> <II = 1> <Delay = 2.77> <Storage> <Opcode : 'load' 'store'> <Ports = 2> <Width = 32> <Depth = 144> <RAM>

 <State 12> : 1.46ns
ST_12 : Operation 290 [1/1] (0.00ns) (grouped into LUT with out node tmp_data_V_1)   --->   "%sum_pix_tot_data_V_s = call i512 @_ssdm_op_BitConcatenate.i512.i32.i32.i32.i32.i32.i32.i32.i32.i32.i32.i32.i32.i32.i32.i32.i32(i32 %sum_pix_ch0_15_load_1, i32 %sum_pix_ch0_14_load_1, i32 %sum_pix_ch0_13_load_1, i32 %sum_pix_ch0_12_load_1, i32 %sum_pix_ch0_11_load_1, i32 %sum_pix_ch0_10_load_1, i32 %sum_pix_ch0_9_load_1, i32 %sum_pix_ch0_8_load_1, i32 %sum_pix_ch0_7_load_1, i32 %sum_pix_ch0_6_load_1, i32 %sum_pix_ch0_5_load_1, i32 %sum_pix_ch0_4_load_1, i32 %sum_pix_ch0_3_load_1, i32 %sum_pix_ch0_2_load_1, i32 %sum_pix_ch0_1_load_1, i32 %sum_pix_ch0_0_load_1)" [scurve_adder.cpp:100]
ST_12 : Operation 291 [1/1] (0.00ns) (grouped into LUT with out node tmp_data_V_1)   --->   "%tmp_3_cast = zext i12 %tmp_3 to i32" [scurve_adder.cpp:106]
ST_12 : Operation 292 [1/1] (0.00ns) (grouped into LUT with out node tmp_data_V_1)   --->   "%val_assign_1_s = or i12 %tmp_3, 1" [scurve_adder.cpp:106]
ST_12 : Operation 293 [1/1] (0.00ns) (grouped into LUT with out node tmp_data_V_1)   --->   "%val_assign_1_cast = zext i12 %val_assign_1_s to i32" [scurve_adder.cpp:106]
ST_12 : Operation 294 [1/1] (0.00ns) (grouped into LUT with out node tmp_data_V_1)   --->   "%val_assign_1_1 = or i12 %tmp_3, 2" [scurve_adder.cpp:106]
ST_12 : Operation 295 [1/1] (0.00ns) (grouped into LUT with out node tmp_data_V_1)   --->   "%val_assign_1_1_cast = zext i12 %val_assign_1_1 to i32" [scurve_adder.cpp:106]
ST_12 : Operation 296 [1/1] (0.00ns) (grouped into LUT with out node tmp_data_V_1)   --->   "%val_assign_1_2 = or i12 %tmp_3, 3" [scurve_adder.cpp:106]
ST_12 : Operation 297 [1/1] (0.00ns) (grouped into LUT with out node tmp_data_V_1)   --->   "%val_assign_1_2_cast = zext i12 %val_assign_1_2 to i32" [scurve_adder.cpp:106]
ST_12 : Operation 298 [1/1] (0.00ns) (grouped into LUT with out node tmp_data_V_1)   --->   "%val_assign_1_3 = or i12 %tmp_3, 4" [scurve_adder.cpp:106]
ST_12 : Operation 299 [1/1] (0.00ns) (grouped into LUT with out node tmp_data_V_1)   --->   "%val_assign_1_3_cast = zext i12 %val_assign_1_3 to i32" [scurve_adder.cpp:106]
ST_12 : Operation 300 [1/1] (0.00ns) (grouped into LUT with out node tmp_data_V_1)   --->   "%val_assign_1_4 = or i12 %tmp_3, 5" [scurve_adder.cpp:106]
ST_12 : Operation 301 [1/1] (0.00ns) (grouped into LUT with out node tmp_data_V_1)   --->   "%val_assign_1_4_cast = zext i12 %val_assign_1_4 to i32" [scurve_adder.cpp:106]
ST_12 : Operation 302 [1/1] (0.00ns) (grouped into LUT with out node tmp_data_V_1)   --->   "%val_assign_1_5 = or i12 %tmp_3, 6" [scurve_adder.cpp:106]
ST_12 : Operation 303 [1/1] (0.00ns) (grouped into LUT with out node tmp_data_V_1)   --->   "%val_assign_1_5_cast = zext i12 %val_assign_1_5 to i32" [scurve_adder.cpp:106]
ST_12 : Operation 304 [1/1] (0.00ns) (grouped into LUT with out node tmp_data_V_1)   --->   "%val_assign_1_6 = or i12 %tmp_3, 7" [scurve_adder.cpp:106]
ST_12 : Operation 305 [1/1] (0.00ns) (grouped into LUT with out node tmp_data_V_1)   --->   "%val_assign_1_6_cast = zext i12 %val_assign_1_6 to i32" [scurve_adder.cpp:106]
ST_12 : Operation 306 [1/1] (0.00ns) (grouped into LUT with out node tmp_data_V_1)   --->   "%val_assign_1_7 = or i12 %tmp_3, 8" [scurve_adder.cpp:106]
ST_12 : Operation 307 [1/1] (0.00ns) (grouped into LUT with out node tmp_data_V_1)   --->   "%val_assign_1_7_cast = zext i12 %val_assign_1_7 to i32" [scurve_adder.cpp:106]
ST_12 : Operation 308 [1/1] (0.00ns) (grouped into LUT with out node tmp_data_V_1)   --->   "%val_assign_1_8 = or i12 %tmp_3, 9" [scurve_adder.cpp:106]
ST_12 : Operation 309 [1/1] (0.00ns) (grouped into LUT with out node tmp_data_V_1)   --->   "%val_assign_1_8_cast = zext i12 %val_assign_1_8 to i32" [scurve_adder.cpp:106]
ST_12 : Operation 310 [1/1] (0.00ns) (grouped into LUT with out node tmp_data_V_1)   --->   "%val_assign_1_9 = or i12 %tmp_3, 10" [scurve_adder.cpp:106]
ST_12 : Operation 311 [1/1] (0.00ns) (grouped into LUT with out node tmp_data_V_1)   --->   "%val_assign_1_9_cast = zext i12 %val_assign_1_9 to i32" [scurve_adder.cpp:106]
ST_12 : Operation 312 [1/1] (0.00ns) (grouped into LUT with out node tmp_data_V_1)   --->   "%val_assign_1_10 = or i12 %tmp_3, 11" [scurve_adder.cpp:106]
ST_12 : Operation 313 [1/1] (0.00ns) (grouped into LUT with out node tmp_data_V_1)   --->   "%val_assign_1_10_cast = zext i12 %val_assign_1_10 to i32" [scurve_adder.cpp:106]
ST_12 : Operation 314 [1/1] (0.00ns) (grouped into LUT with out node tmp_data_V_1)   --->   "%val_assign_1_11 = or i12 %tmp_3, 12" [scurve_adder.cpp:106]
ST_12 : Operation 315 [1/1] (0.00ns) (grouped into LUT with out node tmp_data_V_1)   --->   "%val_assign_1_11_cast = zext i12 %val_assign_1_11 to i32" [scurve_adder.cpp:106]
ST_12 : Operation 316 [1/1] (0.00ns) (grouped into LUT with out node tmp_data_V_1)   --->   "%val_assign_1_12 = or i12 %tmp_3, 13" [scurve_adder.cpp:106]
ST_12 : Operation 317 [1/1] (0.00ns) (grouped into LUT with out node tmp_data_V_1)   --->   "%val_assign_1_12_cast = zext i12 %val_assign_1_12 to i32" [scurve_adder.cpp:106]
ST_12 : Operation 318 [1/1] (0.00ns) (grouped into LUT with out node tmp_data_V_1)   --->   "%val_assign_1_13 = or i12 %tmp_3, 14" [scurve_adder.cpp:106]
ST_12 : Operation 319 [1/1] (0.00ns) (grouped into LUT with out node tmp_data_V_1)   --->   "%val_assign_1_13_cast = zext i12 %val_assign_1_13 to i32" [scurve_adder.cpp:106]
ST_12 : Operation 320 [1/1] (0.00ns) (grouped into LUT with out node tmp_data_V_1)   --->   "%val_assign_1_14 = or i12 %tmp_3, 15" [scurve_adder.cpp:106]
ST_12 : Operation 321 [1/1] (0.00ns) (grouped into LUT with out node tmp_data_V_1)   --->   "%tmp = call i492 @_ssdm_op_BitConcatenate.i492.i12.i32.i32.i32.i32.i32.i32.i32.i32.i32.i32.i32.i32.i32.i32.i32(i12 %val_assign_1_14, i32 %val_assign_1_13_cast, i32 %val_assign_1_12_cast, i32 %val_assign_1_11_cast, i32 %val_assign_1_10_cast, i32 %val_assign_1_9_cast, i32 %val_assign_1_8_cast, i32 %val_assign_1_7_cast, i32 %val_assign_1_6_cast, i32 %val_assign_1_5_cast, i32 %val_assign_1_4_cast, i32 %val_assign_1_3_cast, i32 %val_assign_1_2_cast, i32 %val_assign_1_1_cast, i32 %val_assign_1_cast, i32 %tmp_3_cast)" [scurve_adder.cpp:106]
ST_12 : Operation 322 [1/1] (0.00ns) (grouped into LUT with out node tmp_data_V_1)   --->   "%sum_pix_tot_data_V_1 = zext i492 %tmp to i512" [scurve_adder.cpp:106]
ST_12 : Operation 323 [1/1] (1.46ns) (out node of the LUT)   --->   "%tmp_data_V_1 = select i1 %tmp_2, i512 %sum_pix_tot_data_V_s, i512 %sum_pix_tot_data_V_1" [scurve_adder.cpp:111]   --->   Core 26 'Sel' <Latency = 0> <II = 1> <Delay = 1.46> <FuncUnit> <Opcode : 'select'> <InPorts = 3> <OutPorts = 1>
ST_12 : Operation 324 [2/2] (0.00ns)   --->   "call void @_ssdm_op_Write.axis.volatile.i512P.i64P.i64P.i6P.i1P.i5P.i6P(i512* %out_stream_V_data_V, i64* %out_stream_V_keep_V, i64* %out_stream_V_strb_V, i6* %out_stream_V_user_V, i1* %out_stream_V_last_V, i5* %out_stream_V_id_V, i6* %out_stream_V_dest_V, i512 %tmp_data_V_1, i64 -1, i64 -1, i6 0, i1 %tmp_last_V, i5 0, i6 0)" [scurve_adder.cpp:111]   --->   Core 5 'AXI4Stream' <Latency = 0> <II = 1> <Delay = 1.00> <Adapter> <Opcode : >

 <State 13> : 0.00ns
ST_13 : Operation 325 [1/1] (0.00ns)   --->   "%tmp_7 = call i32 (...)* @_ssdm_op_SpecRegionBegin([12 x i8]* @p_str7)" [scurve_adder.cpp:80]
ST_13 : Operation 326 [1/1] (0.00ns)   --->   "call void (...)* @_ssdm_op_SpecPipeline(i32 -1, i32 1, i32 1, i32 0, [1 x i8]* @p_str2) nounwind" [scurve_adder.cpp:81]
ST_13 : Operation 327 [1/2] (0.00ns)   --->   "call void @_ssdm_op_Write.axis.volatile.i512P.i64P.i64P.i6P.i1P.i5P.i6P(i512* %out_stream_V_data_V, i64* %out_stream_V_keep_V, i64* %out_stream_V_strb_V, i6* %out_stream_V_user_V, i1* %out_stream_V_last_V, i5* %out_stream_V_id_V, i6* %out_stream_V_dest_V, i512 %tmp_data_V_1, i64 -1, i64 -1, i6 0, i1 %tmp_last_V, i5 0, i6 0)" [scurve_adder.cpp:111]   --->   Core 5 'AXI4Stream' <Latency = 0> <II = 1> <Delay = 1.00> <Adapter> <Opcode : >
ST_13 : Operation 328 [1/1] (0.00ns)   --->   "%empty_9 = call i32 (...)* @_ssdm_op_SpecRegionEnd([12 x i8]* @p_str7, i32 %tmp_7)" [scurve_adder.cpp:112]
ST_13 : Operation 329 [1/1] (0.00ns)   --->   "br label %.preheader154" [scurve_adder.cpp:80]

 <State 14> : 0.00ns
ST_14 : Operation 330 [1/1] (0.00ns)   --->   "ret void" [scurve_adder.cpp:113]


============================================================
+ Verbose Summary: Timing violations
============================================================
Target clock period: 4ns, clock uncertainty: 0.5ns.

 <State 1>: 1.3ns
The critical path consists of the following:
	multiplexor before 'phi' operation ('i') with incoming values : ('i', scurve_adder.cpp:46) [59]  (1.3 ns)

 <State 2>: 2.77ns
The critical path consists of the following:
	'phi' operation ('i') with incoming values : ('i', scurve_adder.cpp:46) [59]  (0 ns)
	'getelementptr' operation ('sum_pix_ch0_12_addr', scurve_adder.cpp:49) [92]  (0 ns)
	'store' operation (scurve_adder.cpp:49) of constant 0 on array 'sum_pix_ch0[12]', scurve_adder.cpp:35 [93]  (2.77 ns)

 <State 3>: 1.95ns
The critical path consists of the following:
	'add' operation ('bound') [107]  (1.95 ns)

 <State 4>: 3.43ns
The critical path consists of the following:
	'phi' operation ('i') with incoming values : ('i', scurve_adder.cpp:57) [111]  (0 ns)
	'icmp' operation ('exitcond', scurve_adder.cpp:57) [116]  (1.28 ns)
	'select' operation ('i_1_mid2', scurve_adder.cpp:57) [117]  (0.448 ns)
	'add' operation ('i', scurve_adder.cpp:57) [220]  (1.7 ns)

 <State 5>: 2.77ns
The critical path consists of the following:
	'getelementptr' operation ('sum_pix_ch0_1_addr_1', scurve_adder.cpp:69) [131]  (0 ns)
	'load' operation ('sum_pix_ch0_1_load', scurve_adder.cpp:69) on array 'sum_pix_ch0[1]', scurve_adder.cpp:35 [132]  (2.77 ns)

 <State 6>: 2.77ns
The critical path consists of the following:
	'load' operation ('sum_pix_ch0_0_load', scurve_adder.cpp:69) on array 'sum_pix_ch0[0]', scurve_adder.cpp:35 [126]  (2.77 ns)

 <State 7>: 2.25ns
The critical path consists of the following:
	'add' operation ('tmp_9', scurve_adder.cpp:69) [127]  (2.25 ns)

 <State 8>: 2.77ns
The critical path consists of the following:
	'store' operation (scurve_adder.cpp:69) of variable 'tmp_9', scurve_adder.cpp:69 on array 'sum_pix_ch0[0]', scurve_adder.cpp:35 [128]  (2.77 ns)

 <State 9>: 2.14ns
The critical path consists of the following:
	'icmp' operation ('tmp_2', scurve_adder.cpp:97) [223]  (2.14 ns)

 <State 10>: 2.77ns
The critical path consists of the following:
	'phi' operation ('i') with incoming values : ('i', scurve_adder.cpp:80) [226]  (0 ns)
	'getelementptr' operation ('sum_pix_ch0_0_addr_2', scurve_adder.cpp:100) [236]  (0 ns)
	'load' operation ('sum_pix_ch0_0_load_1', scurve_adder.cpp:100) on array 'sum_pix_ch0[0]', scurve_adder.cpp:35 [237]  (2.77 ns)

 <State 11>: 2.77ns
The critical path consists of the following:
	'load' operation ('sum_pix_ch0_0_load_1', scurve_adder.cpp:100) on array 'sum_pix_ch0[0]', scurve_adder.cpp:35 [237]  (2.77 ns)

 <State 12>: 1.46ns
The critical path consists of the following:
	'select' operation ('tmp.data.V', scurve_adder.cpp:111) [302]  (1.46 ns)

 <State 13>: 0ns
The critical path consists of the following:

 <State 14>: 0ns
The critical path consists of the following:


============================================================
+ Verbose Summary: Binding
============================================================
N/A
* FSMD analyzer results:
  - Output states:
 - Input state : 
  - Chain level:
	State 1
	State 2
	State 3
	State 4
	State 5
	State 6
	State 7
	State 8
	State 9
	State 10
	State 11
	State 12
	State 13
	State 14


============================================================
+ Verbose Summary: Datapath Resource usage 
============================================================
N/A
